<?xml version="1.0" encoding="UTF-8"?>
<!-- Generated by org.testng.reporters.JUnitReportReporter -->
<testsuite hostname="Gorod_b" name="com.example.tests.GroupModification" tests="5" failures="0" timestamp="9 Sep 2014 19:11:05 GMT" time="14.871" errors="0">
  <testcase name="modifySomeGroup" time="2.644" classname="com.example.tests.GroupModification"/>
  <testcase name="modifySomeGroup" time="3.370" classname="com.example.tests.GroupModification"/>
  <testcase name="modifySomeGroup" time="3.046" classname="com.example.tests.GroupModification"/>
  <testcase name="modifySomeGroup" time="2.859" classname="com.example.tests.GroupModification"/>
  <testcase name="modifySomeGroup" time="2.952" classname="com.example.tests.GroupModification"/>
</testsuite> <!-- com.example.tests.GroupModification -->
