<?xml version="1.0" encoding="UTF-8"?>
<!-- Generated by org.testng.reporters.JUnitReportReporter -->
<testsuite hostname="Gorod_b" name="com.example.tests.NewGroup" tests="3" failures="0" timestamp="20 Sep 2014 12:16:07 GMT" time="11.992" errors="0">
  <testcase name="testValidDatasGroupCreation" time="2.823" classname="com.example.tests.NewGroup"/>
  <testcase name="testValidDatasGroupCreation" time="6.983" classname="com.example.tests.NewGroup"/>
  <testcase name="testValidDatasGroupCreation" time="2.186" classname="com.example.tests.NewGroup"/>
</testsuite> <!-- com.example.tests.NewGroup -->
