<?xml version="1.0" encoding="UTF-8"?>
<!-- Generated by org.testng.reporters.JUnitReportReporter -->
<testsuite hostname="Gorod_b" name="com.example.tests.GroupModification" tests="1" failures="0" timestamp="31 Aug 2014 08:48:52 GMT" time="2.276" errors="0">
  <testcase name="modifySomeGroup" time="2.276" classname="com.example.tests.GroupModification"/>
</testsuite> <!-- com.example.tests.GroupModification -->
