<?xml version="1.0" encoding="UTF-8"?>
<!-- Generated by org.testng.reporters.JUnitReportReporter -->
<testsuite hostname="Gorod_b" name="com.example.tests.NewGroup" tests="5" failures="0" timestamp="8 Sep 2014 18:57:19 GMT" time="15.480" errors="0">
  <testcase name="testValidDatasGroupCreation" time="2.825" classname="com.example.tests.NewGroup"/>
  <testcase name="testValidDatasGroupCreation" time="2.411" classname="com.example.tests.NewGroup"/>
  <testcase name="testValidDatasGroupCreation" time="5.020" classname="com.example.tests.NewGroup"/>
  <testcase name="testValidDatasGroupCreation" time="2.655" classname="com.example.tests.NewGroup"/>
  <testcase name="testValidDatasGroupCreation" time="2.569" classname="com.example.tests.NewGroup"/>
</testsuite> <!-- com.example.tests.NewGroup -->
