<?xml version="1.0" encoding="UTF-8"?>
<!-- Generated by org.testng.reporters.JUnitReportReporter -->
<testsuite hostname="Gorod_b" name="com.example.tests.NewContact" tests="3" failures="0" timestamp="20 Sep 2014 09:10:13 GMT" time="15.193" errors="3">
  <testcase name="testNewUserCreation" time="4.446" classname="com.example.tests.NewContact">
    <error type="java.lang.AssertionError" message="
Expected: &lt;[ContactData [contactName=Djohn, secondName=Lenon], ContactData [contactName=Djohn, secondName=Lenon], ContactData [contactName=Djohn, secondName=Lenon], ContactData [contactName=Djohn, secondName=Lenon], ContactData [contactName=Djohn, secondName=Lenon], ContactData [contactName=Djohn, secondName=Lenon], ContactData [contactName=Djohn, secondName=Lenon], ContactData [contactName=Djohn, secondName=Lenon], ContactData [contactName=Djohn, secondName=Lenon], ContactData [contactName=Djohn, secondName=Lenon], ContactData [contactName=Djohn, secondName=Lenon], ContactData [contactName=Djohn, secondName=Lenon], ContactData [contactName=Djohn, secondName=Lenon], ContactData [contactName=Djohn, secondName=Lenon], ContactData [contactName=Djohn, secondName=Lenon], ContactData [contactName=Djohn, secondName=Lenon], ContactData [contactName=Djohn, secondName=Lenon], ContactData [contactName=Djohn, secondName=Lenon], ContactData [contactName=Djohn, secondName=Lenon], ContactData [contactName=Djohn, secondName=Lenon], ContactData [contactName=Djohn, secondName=Lenon], ContactData [contactName=Umma-457511264, secondName=]]&gt;
     but: was &lt;[ContactData [contactName=Umma-457511264, secondName=], ContactData [contactName=Umma-457511264, secondName=], ContactData [contactName=Umma-457511264, secondName=], ContactData [contactName=Umma-457511264, secondName=], ContactData [contactName=Umma-457511264, secondName=], ContactData [contactName=Umma-457511264, secondName=], ContactData [contactName=Umma-457511264, secondName=], ContactData [contactName=Umma-457511264, secondName=], ContactData [contactName=Umma-457511264, secondName=], ContactData [contactName=Umma-457511264, secondName=], ContactData [contactName=Umma-457511264, secondName=], ContactData [contactName=Umma-457511264, secondName=], ContactData [contactName=Umma-457511264, secondName=], ContactData [contactName=Umma-457511264, secondName=], ContactData [contactName=Umma-457511264, secondName=], ContactData [contactName=Umma-457511264, secondName=], ContactData [contactName=Umma-457511264, secondName=], ContactData [contactName=Umma-457511264, secondName=], ContactData [contactName=Umma-457511264, secondName=], ContactData [contactName=Umma-457511264, secondName=], ContactData [contactName=Umma-457511264, secondName=], ContactData [contactName=Umma-457511264, secondName=]]&gt;">
      <![CDATA[java.lang.AssertionError: 
Expected: <[ContactData [contactName=Djohn, secondName=Lenon], ContactData [contactName=Djohn, secondName=Lenon], ContactData [contactName=Djohn, secondName=Lenon], ContactData [contactName=Djohn, secondName=Lenon], ContactData [contactName=Djohn, secondName=Lenon], ContactData [contactName=Djohn, secondName=Lenon], ContactData [contactName=Djohn, secondName=Lenon], ContactData [contactName=Djohn, secondName=Lenon], ContactData [contactName=Djohn, secondName=Lenon], ContactData [contactName=Djohn, secondName=Lenon], ContactData [contactName=Djohn, secondName=Lenon], ContactData [contactName=Djohn, secondName=Lenon], ContactData [contactName=Djohn, secondName=Lenon], ContactData [contactName=Djohn, secondName=Lenon], ContactData [contactName=Djohn, secondName=Lenon], ContactData [contactName=Djohn, secondName=Lenon], ContactData [contactName=Djohn, secondName=Lenon], ContactData [contactName=Djohn, secondName=Lenon], ContactData [contactName=Djohn, secondName=Lenon], ContactData [contactName=Djohn, secondName=Lenon], ContactData [contactName=Djohn, secondName=Lenon], ContactData [contactName=Umma-457511264, secondName=]]]]><![CDATA[>
     but: was <[ContactData [contactName=Umma-457511264, secondName=], ContactData [contactName=Umma-457511264, secondName=], ContactData [contactName=Umma-457511264, secondName=], ContactData [contactName=Umma-457511264, secondName=], ContactData [contactName=Umma-457511264, secondName=], ContactData [contactName=Umma-457511264, secondName=], ContactData [contactName=Umma-457511264, secondName=], ContactData [contactName=Umma-457511264, secondName=], ContactData [contactName=Umma-457511264, secondName=], ContactData [contactName=Umma-457511264, secondName=], ContactData [contactName=Umma-457511264, secondName=], ContactData [contactName=Umma-457511264, secondName=], ContactData [contactName=Umma-457511264, secondName=], ContactData [contactName=Umma-457511264, secondName=], ContactData [contactName=Umma-457511264, secondName=], ContactData [contactName=Umma-457511264, secondName=], ContactData [contactName=Umma-457511264, secondName=], ContactData [contactName=Umma-457511264, secondName=], ContactData [contactName=Umma-457511264, secondName=], ContactData [contactName=Umma-457511264, secondName=], ContactData [contactName=Umma-457511264, secondName=], ContactData [contactName=Umma-457511264, secondName=]]]]><![CDATA[>
	at org.hamcrest.MatcherAssert.assertThat(MatcherAssert.java:20)
	at org.junit.Assert.assertThat(Assert.java:865)
	at org.junit.Assert.assertThat(Assert.java:832)
	at com.example.tests.NewContact.testNewUserCreation(NewContact.java:34)
	at sun.reflect.NativeMethodAccessorImpl.invoke0(Native Method)
	at sun.reflect.NativeMethodAccessorImpl.invoke(Unknown Source)
	at sun.reflect.DelegatingMethodAccessorImpl.invoke(Unknown Source)
	at java.lang.reflect.Method.invoke(Unknown Source)
	at org.testng.internal.MethodInvocationHelper.invokeMethod(MethodInvocationHelper.java:84)
	at org.testng.internal.Invoker.invokeMethod(Invoker.java:714)
	at org.testng.internal.Invoker.invokeTestMethod(Invoker.java:901)
	at org.testng.internal.Invoker.invokeTestMethods(Invoker.java:1231)
	at org.testng.internal.TestMethodWorker.invokeTestMethods(TestMethodWorker.java:127)
	at org.testng.internal.TestMethodWorker.run(TestMethodWorker.java:111)
	at org.testng.TestRunner.privateRun(TestRunner.java:767)
	at org.testng.TestRunner.run(TestRunner.java:617)
	at org.testng.SuiteRunner.runTest(SuiteRunner.java:334)
	at org.testng.SuiteRunner.runSequentially(SuiteRunner.java:329)
	at org.testng.SuiteRunner.privateRun(SuiteRunner.java:291)
	at org.testng.SuiteRunner.run(SuiteRunner.java:240)
	at org.testng.SuiteRunnerWorker.runSuite(SuiteRunnerWorker.java:52)
	at org.testng.SuiteRunnerWorker.run(SuiteRunnerWorker.java:86)
	at org.testng.TestNG.runSuitesSequentially(TestNG.java:1224)
	at org.testng.TestNG.runSuitesLocally(TestNG.java:1149)
	at org.testng.TestNG.run(TestNG.java:1057)
	at org.testng.remote.RemoteTestNG.run(RemoteTestNG.java:111)
	at org.testng.remote.RemoteTestNG.initAndRun(RemoteTestNG.java:204)
	at org.testng.remote.RemoteTestNG.main(RemoteTestNG.java:175)
]]>
    </error>
  </testcase> <!-- testNewUserCreation -->
  <testcase name="testNewUserCreation" time="6.253" classname="com.example.tests.NewContact">
    <error type="java.lang.AssertionError" message="
Expected: &lt;[ContactData [contactName=Djohn, secondName=Lenon], ContactData [contactName=Djohn, secondName=Lenon], ContactData [contactName=Djohn, secondName=Lenon], ContactData [contactName=Djohn, secondName=Lenon], ContactData [contactName=Djohn, secondName=Lenon], ContactData [contactName=Djohn, secondName=Lenon], ContactData [contactName=Djohn, secondName=Lenon], ContactData [contactName=Djohn, secondName=Lenon], ContactData [contactName=Djohn, secondName=Lenon], ContactData [contactName=Djohn, secondName=Lenon], ContactData [contactName=Djohn, secondName=Lenon], ContactData [contactName=Djohn, secondName=Lenon], ContactData [contactName=Djohn, secondName=Lenon], ContactData [contactName=Djohn, secondName=Lenon], ContactData [contactName=Djohn, secondName=Lenon], ContactData [contactName=Djohn, secondName=Lenon], ContactData [contactName=Djohn, secondName=Lenon], ContactData [contactName=Djohn, secondName=Lenon], ContactData [contactName=Djohn, secondName=Lenon], ContactData [contactName=Djohn, secondName=Lenon], ContactData [contactName=Umma-1977332619, secondName=Mila-1781166547]]&gt;
     but: was &lt;[ContactData [contactName=Djohn, secondName=Lenon], ContactData [contactName=Djohn, secondName=Lenon], ContactData [contactName=Djohn, secondName=Lenon], ContactData [contactName=Djohn, secondName=Lenon], ContactData [contactName=Djohn, secondName=Lenon], ContactData [contactName=Djohn, secondName=Lenon], ContactData [contactName=Djohn, secondName=Lenon], ContactData [contactName=Djohn, secondName=Lenon], ContactData [contactName=Djohn, secondName=Lenon], ContactData [contactName=Djohn, secondName=Lenon], ContactData [contactName=Djohn, secondName=Lenon], ContactData [contactName=Djohn, secondName=Lenon], ContactData [contactName=Djohn, secondName=Lenon], ContactData [contactName=Djohn, secondName=Lenon], ContactData [contactName=Djohn, secondName=Lenon], ContactData [contactName=Djohn, secondName=Lenon], ContactData [contactName=Djohn, secondName=Lenon], ContactData [contactName=Djohn, secondName=Lenon], ContactData [contactName=Djohn, secondName=Lenon], ContactData [contactName=Djohn, secondName=Lenon], ContactData [contactName=Djohn, secondName=Lenon]]&gt;">
      <![CDATA[java.lang.AssertionError: 
Expected: <[ContactData [contactName=Djohn, secondName=Lenon], ContactData [contactName=Djohn, secondName=Lenon], ContactData [contactName=Djohn, secondName=Lenon], ContactData [contactName=Djohn, secondName=Lenon], ContactData [contactName=Djohn, secondName=Lenon], ContactData [contactName=Djohn, secondName=Lenon], ContactData [contactName=Djohn, secondName=Lenon], ContactData [contactName=Djohn, secondName=Lenon], ContactData [contactName=Djohn, secondName=Lenon], ContactData [contactName=Djohn, secondName=Lenon], ContactData [contactName=Djohn, secondName=Lenon], ContactData [contactName=Djohn, secondName=Lenon], ContactData [contactName=Djohn, secondName=Lenon], ContactData [contactName=Djohn, secondName=Lenon], ContactData [contactName=Djohn, secondName=Lenon], ContactData [contactName=Djohn, secondName=Lenon], ContactData [contactName=Djohn, secondName=Lenon], ContactData [contactName=Djohn, secondName=Lenon], ContactData [contactName=Djohn, secondName=Lenon], ContactData [contactName=Djohn, secondName=Lenon], ContactData [contactName=Umma-1977332619, secondName=Mila-1781166547]]]]><![CDATA[>
     but: was <[ContactData [contactName=Djohn, secondName=Lenon], ContactData [contactName=Djohn, secondName=Lenon], ContactData [contactName=Djohn, secondName=Lenon], ContactData [contactName=Djohn, secondName=Lenon], ContactData [contactName=Djohn, secondName=Lenon], ContactData [contactName=Djohn, secondName=Lenon], ContactData [contactName=Djohn, secondName=Lenon], ContactData [contactName=Djohn, secondName=Lenon], ContactData [contactName=Djohn, secondName=Lenon], ContactData [contactName=Djohn, secondName=Lenon], ContactData [contactName=Djohn, secondName=Lenon], ContactData [contactName=Djohn, secondName=Lenon], ContactData [contactName=Djohn, secondName=Lenon], ContactData [contactName=Djohn, secondName=Lenon], ContactData [contactName=Djohn, secondName=Lenon], ContactData [contactName=Djohn, secondName=Lenon], ContactData [contactName=Djohn, secondName=Lenon], ContactData [contactName=Djohn, secondName=Lenon], ContactData [contactName=Djohn, secondName=Lenon], ContactData [contactName=Djohn, secondName=Lenon], ContactData [contactName=Djohn, secondName=Lenon]]]]><![CDATA[>
	at org.hamcrest.MatcherAssert.assertThat(MatcherAssert.java:20)
	at org.junit.Assert.assertThat(Assert.java:865)
	at org.junit.Assert.assertThat(Assert.java:832)
	at com.example.tests.NewContact.testNewUserCreation(NewContact.java:34)
	at sun.reflect.NativeMethodAccessorImpl.invoke0(Native Method)
	at sun.reflect.NativeMethodAccessorImpl.invoke(Unknown Source)
	at sun.reflect.DelegatingMethodAccessorImpl.invoke(Unknown Source)
	at java.lang.reflect.Method.invoke(Unknown Source)
	at org.testng.internal.MethodInvocationHelper.invokeMethod(MethodInvocationHelper.java:84)
	at org.testng.internal.Invoker.invokeMethod(Invoker.java:714)
	at org.testng.internal.Invoker.invokeTestMethod(Invoker.java:901)
	at org.testng.internal.Invoker.invokeTestMethods(Invoker.java:1231)
	at org.testng.internal.TestMethodWorker.invokeTestMethods(TestMethodWorker.java:127)
	at org.testng.internal.TestMethodWorker.run(TestMethodWorker.java:111)
	at org.testng.TestRunner.privateRun(TestRunner.java:767)
	at org.testng.TestRunner.run(TestRunner.java:617)
	at org.testng.SuiteRunner.runTest(SuiteRunner.java:334)
	at org.testng.SuiteRunner.runSequentially(SuiteRunner.java:329)
	at org.testng.SuiteRunner.privateRun(SuiteRunner.java:291)
	at org.testng.SuiteRunner.run(SuiteRunner.java:240)
	at org.testng.SuiteRunnerWorker.runSuite(SuiteRunnerWorker.java:52)
	at org.testng.SuiteRunnerWorker.run(SuiteRunnerWorker.java:86)
	at org.testng.TestNG.runSuitesSequentially(TestNG.java:1224)
	at org.testng.TestNG.runSuitesLocally(TestNG.java:1149)
	at org.testng.TestNG.run(TestNG.java:1057)
	at org.testng.remote.RemoteTestNG.run(RemoteTestNG.java:111)
	at org.testng.remote.RemoteTestNG.initAndRun(RemoteTestNG.java:204)
	at org.testng.remote.RemoteTestNG.main(RemoteTestNG.java:175)
]]>
    </error>
  </testcase> <!-- testNewUserCreation -->
  <testcase name="testNewUserCreation" time="4.494" classname="com.example.tests.NewContact">
    <error type="java.lang.AssertionError" message="
Expected: &lt;[ContactData [contactName=, secondName=Mila302099797], ContactData [contactName=Umma-457511264, secondName=], ContactData [contactName=Umma-457511264, secondName=], ContactData [contactName=Umma-457511264, secondName=], ContactData [contactName=Umma-457511264, secondName=], ContactData [contactName=Umma-457511264, secondName=], ContactData [contactName=Umma-457511264, secondName=], ContactData [contactName=Umma-457511264, secondName=], ContactData [contactName=Umma-457511264, secondName=], ContactData [contactName=Umma-457511264, secondName=], ContactData [contactName=Umma-457511264, secondName=], ContactData [contactName=Umma-457511264, secondName=], ContactData [contactName=Umma-457511264, secondName=], ContactData [contactName=Umma-457511264, secondName=], ContactData [contactName=Umma-457511264, secondName=], ContactData [contactName=Umma-457511264, secondName=], ContactData [contactName=Umma-457511264, secondName=], ContactData [contactName=Umma-457511264, secondName=], ContactData [contactName=Umma-457511264, secondName=], ContactData [contactName=Umma-457511264, secondName=], ContactData [contactName=Umma-457511264, secondName=], ContactData [contactName=Umma-457511264, secondName=], ContactData [contactName=Umma-457511264, secondName=]]&gt;
     but: was &lt;[ContactData [contactName=Umma-457511264, secondName=], ContactData [contactName=Umma-457511264, secondName=], ContactData [contactName=Umma-457511264, secondName=], ContactData [contactName=Umma-457511264, secondName=], ContactData [contactName=Umma-457511264, secondName=], ContactData [contactName=Umma-457511264, secondName=], ContactData [contactName=Umma-457511264, secondName=], ContactData [contactName=Umma-457511264, secondName=], ContactData [contactName=Umma-457511264, secondName=], ContactData [contactName=Umma-457511264, secondName=], ContactData [contactName=Umma-457511264, secondName=], ContactData [contactName=Umma-457511264, secondName=], ContactData [contactName=Umma-457511264, secondName=], ContactData [contactName=Umma-457511264, secondName=], ContactData [contactName=Umma-457511264, secondName=], ContactData [contactName=Umma-457511264, secondName=], ContactData [contactName=Umma-457511264, secondName=], ContactData [contactName=Umma-457511264, secondName=], ContactData [contactName=Umma-457511264, secondName=], ContactData [contactName=Umma-457511264, secondName=], ContactData [contactName=Umma-457511264, secondName=], ContactData [contactName=Umma-457511264, secondName=], ContactData [contactName=Umma-457511264, secondName=]]&gt;">
      <![CDATA[java.lang.AssertionError: 
Expected: <[ContactData [contactName=, secondName=Mila302099797], ContactData [contactName=Umma-457511264, secondName=], ContactData [contactName=Umma-457511264, secondName=], ContactData [contactName=Umma-457511264, secondName=], ContactData [contactName=Umma-457511264, secondName=], ContactData [contactName=Umma-457511264, secondName=], ContactData [contactName=Umma-457511264, secondName=], ContactData [contactName=Umma-457511264, secondName=], ContactData [contactName=Umma-457511264, secondName=], ContactData [contactName=Umma-457511264, secondName=], ContactData [contactName=Umma-457511264, secondName=], ContactData [contactName=Umma-457511264, secondName=], ContactData [contactName=Umma-457511264, secondName=], ContactData [contactName=Umma-457511264, secondName=], ContactData [contactName=Umma-457511264, secondName=], ContactData [contactName=Umma-457511264, secondName=], ContactData [contactName=Umma-457511264, secondName=], ContactData [contactName=Umma-457511264, secondName=], ContactData [contactName=Umma-457511264, secondName=], ContactData [contactName=Umma-457511264, secondName=], ContactData [contactName=Umma-457511264, secondName=], ContactData [contactName=Umma-457511264, secondName=], ContactData [contactName=Umma-457511264, secondName=]]]]><![CDATA[>
     but: was <[ContactData [contactName=Umma-457511264, secondName=], ContactData [contactName=Umma-457511264, secondName=], ContactData [contactName=Umma-457511264, secondName=], ContactData [contactName=Umma-457511264, secondName=], ContactData [contactName=Umma-457511264, secondName=], ContactData [contactName=Umma-457511264, secondName=], ContactData [contactName=Umma-457511264, secondName=], ContactData [contactName=Umma-457511264, secondName=], ContactData [contactName=Umma-457511264, secondName=], ContactData [contactName=Umma-457511264, secondName=], ContactData [contactName=Umma-457511264, secondName=], ContactData [contactName=Umma-457511264, secondName=], ContactData [contactName=Umma-457511264, secondName=], ContactData [contactName=Umma-457511264, secondName=], ContactData [contactName=Umma-457511264, secondName=], ContactData [contactName=Umma-457511264, secondName=], ContactData [contactName=Umma-457511264, secondName=], ContactData [contactName=Umma-457511264, secondName=], ContactData [contactName=Umma-457511264, secondName=], ContactData [contactName=Umma-457511264, secondName=], ContactData [contactName=Umma-457511264, secondName=], ContactData [contactName=Umma-457511264, secondName=], ContactData [contactName=Umma-457511264, secondName=]]]]><![CDATA[>
	at org.hamcrest.MatcherAssert.assertThat(MatcherAssert.java:20)
	at org.junit.Assert.assertThat(Assert.java:865)
	at org.junit.Assert.assertThat(Assert.java:832)
	at com.example.tests.NewContact.testNewUserCreation(NewContact.java:34)
	at sun.reflect.NativeMethodAccessorImpl.invoke0(Native Method)
	at sun.reflect.NativeMethodAccessorImpl.invoke(Unknown Source)
	at sun.reflect.DelegatingMethodAccessorImpl.invoke(Unknown Source)
	at java.lang.reflect.Method.invoke(Unknown Source)
	at org.testng.internal.MethodInvocationHelper.invokeMethod(MethodInvocationHelper.java:84)
	at org.testng.internal.Invoker.invokeMethod(Invoker.java:714)
	at org.testng.internal.Invoker.invokeTestMethod(Invoker.java:901)
	at org.testng.internal.Invoker.invokeTestMethods(Invoker.java:1231)
	at org.testng.internal.TestMethodWorker.invokeTestMethods(TestMethodWorker.java:127)
	at org.testng.internal.TestMethodWorker.run(TestMethodWorker.java:111)
	at org.testng.TestRunner.privateRun(TestRunner.java:767)
	at org.testng.TestRunner.run(TestRunner.java:617)
	at org.testng.SuiteRunner.runTest(SuiteRunner.java:334)
	at org.testng.SuiteRunner.runSequentially(SuiteRunner.java:329)
	at org.testng.SuiteRunner.privateRun(SuiteRunner.java:291)
	at org.testng.SuiteRunner.run(SuiteRunner.java:240)
	at org.testng.SuiteRunnerWorker.runSuite(SuiteRunnerWorker.java:52)
	at org.testng.SuiteRunnerWorker.run(SuiteRunnerWorker.java:86)
	at org.testng.TestNG.runSuitesSequentially(TestNG.java:1224)
	at org.testng.TestNG.runSuitesLocally(TestNG.java:1149)
	at org.testng.TestNG.run(TestNG.java:1057)
	at org.testng.remote.RemoteTestNG.run(RemoteTestNG.java:111)
	at org.testng.remote.RemoteTestNG.initAndRun(RemoteTestNG.java:204)
	at org.testng.remote.RemoteTestNG.main(RemoteTestNG.java:175)
]]>
    </error>
  </testcase> <!-- testNewUserCreation -->
</testsuite> <!-- com.example.tests.NewContact -->
