<?xml version="1.0" encoding="UTF-8"?>
<!-- Generated by org.testng.reporters.JUnitReportReporter -->
<testsuite hostname="Gorod_b" name="com.example.tests.NewGroup" tests="2" failures="0" timestamp="31 Aug 2014 08:21:02 GMT" time="3.934" errors="0">
  <testcase name="testEmptyGroupCreation" time="2.116" classname="com.example.tests.NewGroup"/>
  <testcase name="testNoneEmptyGroupCreation" time="1.818" classname="com.example.tests.NewGroup"/>
</testsuite> <!-- com.example.tests.NewGroup -->
