<?xml version="1.0" encoding="UTF-8"?>
<!-- Generated by org.testng.reporters.JUnitReportReporter -->
<testsuite hostname="Gorod_b" name="com.example.tests.NewGroup" tests="3" failures="0" timestamp="20 Sep 2014 14:07:31 GMT" time="8.987" errors="0">
  <testcase name="testValidDatasGroupCreation" time="2.229" classname="com.example.tests.NewGroup"/>
  <testcase name="testValidDatasGroupCreation" time="2.165" classname="com.example.tests.NewGroup"/>
  <testcase name="testValidDatasGroupCreation" time="4.593" classname="com.example.tests.NewGroup"/>
</testsuite> <!-- com.example.tests.NewGroup -->
