<?xml version="1.0" encoding="UTF-8"?>
<!-- Generated by org.testng.reporters.JUnitReportReporter -->
<testsuite hostname="Gorod_b" name="com.example.tests.GroupRemovalTests" tests="1" failures="0" timestamp="31 Aug 2014 08:44:18 GMT" time="2.308" errors="0">
  <testcase name="deleteSomeGroup" time="2.308" classname="com.example.tests.GroupRemovalTests"/>
</testsuite> <!-- com.example.tests.GroupRemovalTests -->
