<?xml version="1.0" encoding="UTF-8"?>
<!-- Generated by org.testng.reporters.JUnitReportReporter -->
<testsuite hostname="Gorod_b" name="com.example.tests.NewContact" tests="1" failures="0" timestamp="3 Aug 2014 09:27:13 GMT" time="3.266" errors="0">
  <testcase name="testNewUserCreation" time="3.266" classname="com.example.tests.NewContact"/>
</testsuite> <!-- com.example.tests.NewContact -->
