<?xml version="1.0" encoding="UTF-8"?>
<!-- Generated by org.testng.reporters.JUnitReportReporter -->
<testsuite hostname="Gorod_b" name="com.example.tests.NewContact" tests="3" failures="3" timestamp="4 Oct 2014 10:15:15 GMT" time="0.003" errors="0">
  <testcase name="testNewUserCreation" time="0.001" classname="com.example.tests.NewContact">
    <failure type="org.openqa.selenium.WebDriverException" message="Failed to connect to binary FirefoxBinary(C:\Program Files (x86)\Mozilla Firefox\firefox.exe) on port 7055; process output follows: 
yandex-vb-mod/Foundation.jsm -&gt; file:///C:/Users/70D0~1/AppData/Local/Temp/anonymous5629407327992701587webdriver-profile/extensions/vb@yandex.ru/modules/foundation/xmlutils.js:106 - NS_ERROR_XPC_BAD_OP_ON_WN_PROTO: Illegal operation on WrappedNative prototype object
System JS : ERROR resource://yandex-vb-mod/Foundation.jsm -&gt; file:///C:/Users/70D0~1/AppData/Local/Temp/anonymous5629407327992701587webdriver-profile/extensions/vb@yandex.ru/modules/foundation/xmlutils.js:106 - NS_ERROR_XPC_BAD_OP_ON_WN_PROTO: Illegal operation on WrappedNative prototype object
System JS : ERROR resource://yandex-vb-mod/Foundation.jsm -&gt; file:///C:/Users/70D0~1/AppData/Local/Temp/anonymous5629407327992701587webdriver-profile/extensions/vb@yandex.ru/modules/foundation/fileutils.js:92 - NS_ERROR_XPC_BAD_OP_ON_WN_PROTO: Illegal operation on WrappedNative prototype object
System JS : ERROR resource://yandex-vb-mod/Foundation.jsm -&gt; file:///C:/Users/70D0~1/AppData/Local/Temp/anonymous5629407327992701587webdriver-profile/extensions/vb@yandex.ru/modules/foundation/fileutils.js:92 - NS_ERROR_XPC_BAD_OP_ON_WN_PROTO: Illegal operation on WrappedNative prototype object
System JS : ERROR resource://yandex-vb-mod/Foundation.jsm -&gt; file:///C:/Users/70D0~1/AppData/Local/Temp/anonymous5629407327992701587webdriver-profile/extensions/vb@yandex.ru/modules/foundation/fileutils.js:92 - NS_ERROR_XPC_BAD_OP_ON_WN_PROTO: Illegal operation on WrappedNative prototype object
System JS : ERROR resource://yandex-vb-mod/Foundation.jsm -&gt; file:///C:/Users/70D0~1/AppData/Local/Temp/anonymous5629407327992701587webdriver-profile/extensions/vb@yandex.ru/modules/foundation/fileutils.js:92 - NS_ERROR_XPC_BAD_OP_ON_WN_PROTO: Illegal operation on WrappedNative prototype object
System JS : ERROR resource://yandex-vb-mod/Foundation.jsm -&gt; file:///C:/Users/70D0~1/AppData/Local/Temp/anonymous5629407327992701587webdriver-profile/extensions/vb@yandex.ru/modules/foundation/fileutils.js:92 - NS_ERROR_XPC_BAD_OP_ON_WN_PROTO: Illegal operation on WrappedNative prototype object
System JS : ERROR resource://yandex-vb-mod/Foundation.jsm -&gt; file:///C:/Users/70D0~1/AppData/Local/Temp/anonymous5629407327992701587webdriver-profile/extensions/vb@yandex.ru/modules/foundation/fileutils.js:92 - NS_ERROR_XPC_BAD_OP_ON_WN_PROTO: Illegal operation on WrappedNative prototype object
System JS : ERROR resource://yandex-vb-mod/Foundation.jsm -&gt; file:///C:/Users/70D0~1/AppData/Local/Temp/anonymous5629407327992701587webdriver-profile/extensions/vb@yandex.ru/modules/foundation/fileutils.js:92 - NS_ERROR_XPC_BAD_OP_ON_WN_PROTO: Illegal operation on WrappedNative prototype object
System JS : ERROR resource://yandex-vb-mod/Foundation.jsm -&gt; file:///C:/Users/70D0~1/AppData/Local/Temp/anonymous5629407327992701587webdriver-profile/extensions/vb@yandex.ru/modules/foundation/fileutils.js:92 - NS_ERROR_XPC_BAD_OP_ON_WN_PROTO: Illegal operation on WrappedNative prototype object
System JS : ERROR resource://yandex-vb-mod/Foundation.jsm -&gt; file:///C:/Users/70D0~1/AppData/Local/Temp/anonymous5629407327992701587webdriver-profile/extensions/vb@yandex.ru/modules/foundation/fileutils.js:92 - NS_ERROR_XPC_BAD_OP_ON_WN_PROTO: Illegal operation on WrappedNative prototype object
System JS : ERROR resource://yandex-vb-mod/Foundation.jsm -&gt; file:///C:/Users/70D0~1/AppData/Local/Temp/anonymous5629407327992701587webdriver-profile/extensions/vb@yandex.ru/modules/foundation/fileutils.js:92 - NS_ERROR_XPC_BAD_OP_ON_WN_PROTO: Illegal operation on WrappedNative prototype object
System JS : ERROR resource://yandex-vb-mod/Foundation.jsm -&gt; file:///C:/Users/70D0~1/AppData/Local/Temp/anonymous5629407327992701587webdriver-profile/extensions/vb@yandex.ru/modules/foundation/fileutils.j1412417700027	DeferredSave.extensions.json	DEBUG	Save changes
1412417700030	DeferredSave.extensions.json	DEBUG	Starting timer
1412417700053	DeferredSave.extensions.json	DEBUG	Starting write
1412417700069	DeferredSave.extensions.json	DEBUG	Write succeeded
1412417700070	addons.xpi-utils	DEBUG	XPI Database saved, setting schema version preference to 16

Build info: version: &#039;2.42.2&#039;, revision: &#039;6a6995d&#039;, time: &#039;2014-06-03 17:42:03&#039;
System info: host: &#039;Gorod_b&#039;, ip: &#039;192.168.220.1&#039;, os.name: &#039;Windows 8.1&#039;, os.arch: &#039;amd64&#039;, os.version: &#039;6.3&#039;, java.version: &#039;1.7.0_60&#039;
Driver info: driver.version: FirefoxDriver">
      <![CDATA[org.openqa.selenium.WebDriverException: Failed to connect to binary FirefoxBinary(C:\Program Files (x86)\Mozilla Firefox\firefox.exe) on port 7055; process output follows: 
yandex-vb-mod/Foundation.jsm -> file:///C:/Users/70D0~1/AppData/Local/Temp/anonymous5629407327992701587webdriver-profile/extensions/vb@yandex.ru/modules/foundation/xmlutils.js:106 - NS_ERROR_XPC_BAD_OP_ON_WN_PROTO: Illegal operation on WrappedNative prototype object
System JS : ERROR resource://yandex-vb-mod/Foundation.jsm -> file:///C:/Users/70D0~1/AppData/Local/Temp/anonymous5629407327992701587webdriver-profile/extensions/vb@yandex.ru/modules/foundation/xmlutils.js:106 - NS_ERROR_XPC_BAD_OP_ON_WN_PROTO: Illegal operation on WrappedNative prototype object
System JS : ERROR resource://yandex-vb-mod/Foundation.jsm -> file:///C:/Users/70D0~1/AppData/Local/Temp/anonymous5629407327992701587webdriver-profile/extensions/vb@yandex.ru/modules/foundation/fileutils.js:92 - NS_ERROR_XPC_BAD_OP_ON_WN_PROTO: Illegal operation on WrappedNative prototype object
System JS : ERROR resource://yandex-vb-mod/Foundation.jsm -> file:///C:/Users/70D0~1/AppData/Local/Temp/anonymous5629407327992701587webdriver-profile/extensions/vb@yandex.ru/modules/foundation/fileutils.js:92 - NS_ERROR_XPC_BAD_OP_ON_WN_PROTO: Illegal operation on WrappedNative prototype object
System JS : ERROR resource://yandex-vb-mod/Foundation.jsm -> file:///C:/Users/70D0~1/AppData/Local/Temp/anonymous5629407327992701587webdriver-profile/extensions/vb@yandex.ru/modules/foundation/fileutils.js:92 - NS_ERROR_XPC_BAD_OP_ON_WN_PROTO: Illegal operation on WrappedNative prototype object
System JS : ERROR resource://yandex-vb-mod/Foundation.jsm -> file:///C:/Users/70D0~1/AppData/Local/Temp/anonymous5629407327992701587webdriver-profile/extensions/vb@yandex.ru/modules/foundation/fileutils.js:92 - NS_ERROR_XPC_BAD_OP_ON_WN_PROTO: Illegal operation on WrappedNative prototype object
System JS : ERROR resource://yandex-vb-mod/Foundation.jsm -> file:///C:/Users/70D0~1/AppData/Local/Temp/anonymous5629407327992701587webdriver-profile/extensions/vb@yandex.ru/modules/foundation/fileutils.js:92 - NS_ERROR_XPC_BAD_OP_ON_WN_PROTO: Illegal operation on WrappedNative prototype object
System JS : ERROR resource://yandex-vb-mod/Foundation.jsm -> file:///C:/Users/70D0~1/AppData/Local/Temp/anonymous5629407327992701587webdriver-profile/extensions/vb@yandex.ru/modules/foundation/fileutils.js:92 - NS_ERROR_XPC_BAD_OP_ON_WN_PROTO: Illegal operation on WrappedNative prototype object
System JS : ERROR resource://yandex-vb-mod/Foundation.jsm -> file:///C:/Users/70D0~1/AppData/Local/Temp/anonymous5629407327992701587webdriver-profile/extensions/vb@yandex.ru/modules/foundation/fileutils.js:92 - NS_ERROR_XPC_BAD_OP_ON_WN_PROTO: Illegal operation on WrappedNative prototype object
System JS : ERROR resource://yandex-vb-mod/Foundation.jsm -> file:///C:/Users/70D0~1/AppData/Local/Temp/anonymous5629407327992701587webdriver-profile/extensions/vb@yandex.ru/modules/foundation/fileutils.js:92 - NS_ERROR_XPC_BAD_OP_ON_WN_PROTO: Illegal operation on WrappedNative prototype object
System JS : ERROR resource://yandex-vb-mod/Foundation.jsm -> file:///C:/Users/70D0~1/AppData/Local/Temp/anonymous5629407327992701587webdriver-profile/extensions/vb@yandex.ru/modules/foundation/fileutils.js:92 - NS_ERROR_XPC_BAD_OP_ON_WN_PROTO: Illegal operation on WrappedNative prototype object
System JS : ERROR resource://yandex-vb-mod/Foundation.jsm -> file:///C:/Users/70D0~1/AppData/Local/Temp/anonymous5629407327992701587webdriver-profile/extensions/vb@yandex.ru/modules/foundation/fileutils.js:92 - NS_ERROR_XPC_BAD_OP_ON_WN_PROTO: Illegal operation on WrappedNative prototype object
System JS : ERROR resource://yandex-vb-mod/Foundation.jsm -> file:///C:/Users/70D0~1/AppData/Local/Temp/anonymous5629407327992701587webdriver-profile/extensions/vb@yandex.ru/modules/foundation/fileutils.j1412417700027	DeferredSave.extensions.json	DEBUG	Save changes
1412417700030	DeferredSave.extensions.json	DEBUG	Starting timer
1412417700053	DeferredSave.extensions.json	DEBUG	Starting write
1412417700069	DeferredSave.extensions.json	DEBUG	Write succeeded
1412417700070	addons.xpi-utils	DEBUG	XPI Database saved, setting schema version preference to 16

Build info: version: '2.42.2', revision: '6a6995d', time: '2014-06-03 17:42:03'
System info: host: 'Gorod_b', ip: '192.168.220.1', os.name: 'Windows 8.1', os.arch: 'amd64', os.version: '6.3', java.version: '1.7.0_60'
Driver info: driver.version: FirefoxDriver
	at org.openqa.selenium.firefox.internal.NewProfileExtensionConnection.start(NewProfileExtensionConnection.java:130)
	at org.openqa.selenium.firefox.FirefoxDriver.startClient(FirefoxDriver.java:246)
	at org.openqa.selenium.remote.RemoteWebDriver.<init>(RemoteWebDriver.java:114)
	at org.openqa.selenium.firefox.FirefoxDriver.<init>(FirefoxDriver.java:193)
	at org.openqa.selenium.firefox.FirefoxDriver.<init>(FirefoxDriver.java:186)
	at org.openqa.selenium.firefox.FirefoxDriver.<init>(FirefoxDriver.java:182)
	at org.openqa.selenium.firefox.FirefoxDriver.<init>(FirefoxDriver.java:95)
	at com.example.framework.ApplicationManager.<init>(ApplicationManager.java:27)
	at com.example.tests.BaseClass.setUp(BaseClass.java:28)
	at sun.reflect.NativeMethodAccessorImpl.invoke0(Native Method)
	at sun.reflect.NativeMethodAccessorImpl.invoke(Unknown Source)
	at sun.reflect.DelegatingMethodAccessorImpl.invoke(Unknown Source)
	at java.lang.reflect.Method.invoke(Unknown Source)
	at org.testng.internal.MethodInvocationHelper.invokeMethod(MethodInvocationHelper.java:84)
	at org.testng.internal.Invoker.invokeConfigurationMethod(Invoker.java:564)
	at org.testng.internal.Invoker.invokeConfigurations(Invoker.java:213)
	at org.testng.internal.Invoker.invokeConfigurations(Invoker.java:138)
	at org.testng.TestRunner.beforeRun(TestRunner.java:641)
	at org.testng.TestRunner.run(TestRunner.java:609)
	at org.testng.SuiteRunner.runTest(SuiteRunner.java:334)
	at org.testng.SuiteRunner.runSequentially(SuiteRunner.java:329)
	at org.testng.SuiteRunner.privateRun(SuiteRunner.java:291)
	at org.testng.SuiteRunner.run(SuiteRunner.java:240)
	at org.testng.SuiteRunnerWorker.runSuite(SuiteRunnerWorker.java:52)
	at org.testng.SuiteRunnerWorker.run(SuiteRunnerWorker.java:86)
	at org.testng.TestNG.runSuitesSequentially(TestNG.java:1224)
	at org.testng.TestNG.runSuitesLocally(TestNG.java:1149)
	at org.testng.TestNG.run(TestNG.java:1057)
	at org.testng.remote.RemoteTestNG.run(RemoteTestNG.java:111)
	at org.testng.remote.RemoteTestNG.initAndRun(RemoteTestNG.java:204)
	at org.testng.remote.RemoteTestNG.main(RemoteTestNG.java:175)
Caused by: org.openqa.selenium.firefox.NotConnectedException: Unable to connect to host 127.0.0.1 on port 7055 after 45000 ms. Firefox console output:
yandex-vb-mod/Foundation.jsm -> file:///C:/Users/70D0~1/AppData/Local/Temp/anonymous5629407327992701587webdriver-profile/extensions/vb@yandex.ru/modules/foundation/xmlutils.js:106 - NS_ERROR_XPC_BAD_OP_ON_WN_PROTO: Illegal operation on WrappedNative prototype object
System JS : ERROR resource://yandex-vb-mod/Foundation.jsm -> file:///C:/Users/70D0~1/AppData/Local/Temp/anonymous5629407327992701587webdriver-profile/extensions/vb@yandex.ru/modules/foundation/xmlutils.js:106 - NS_ERROR_XPC_BAD_OP_ON_WN_PROTO: Illegal operation on WrappedNative prototype object
System JS : ERROR resource://yandex-vb-mod/Foundation.jsm -> file:///C:/Users/70D0~1/AppData/Local/Temp/anonymous5629407327992701587webdriver-profile/extensions/vb@yandex.ru/modules/foundation/fileutils.js:92 - NS_ERROR_XPC_BAD_OP_ON_WN_PROTO: Illegal operation on WrappedNative prototype object
System JS : ERROR resource://yandex-vb-mod/Foundation.jsm -> file:///C:/Users/70D0~1/AppData/Local/Temp/anonymous5629407327992701587webdriver-profile/extensions/vb@yandex.ru/modules/foundation/fileutils.js:92 - NS_ERROR_XPC_BAD_OP_ON_WN_PROTO: Illegal operation on WrappedNative prototype object
System JS : ERROR resource://yandex-vb-mod/Foundation.jsm -> file:///C:/Users/70D0~1/AppData/Local/Temp/anonymous5629407327992701587webdriver-profile/extensions/vb@yandex.ru/modules/foundation/fileutils.js:92 - NS_ERROR_XPC_BAD_OP_ON_WN_PROTO: Illegal operation on WrappedNative prototype object
System JS : ERROR resource://yandex-vb-mod/Foundation.jsm -> file:///C:/Users/70D0~1/AppData/Local/Temp/anonymous5629407327992701587webdriver-profile/extensions/vb@yandex.ru/modules/foundation/fileutils.js:92 - NS_ERROR_XPC_BAD_OP_ON_WN_PROTO: Illegal operation on WrappedNative prototype object
System JS : ERROR resource://yandex-vb-mod/Foundation.jsm -> file:///C:/Users/70D0~1/AppData/Local/Temp/anonymous5629407327992701587webdriver-profile/extensions/vb@yandex.ru/modules/foundation/fileutils.js:92 - NS_ERROR_XPC_BAD_OP_ON_WN_PROTO: Illegal operation on WrappedNative prototype object
System JS : ERROR resource://yandex-vb-mod/Foundation.jsm -> file:///C:/Users/70D0~1/AppData/Local/Temp/anonymous5629407327992701587webdriver-profile/extensions/vb@yandex.ru/modules/foundation/fileutils.js:92 - NS_ERROR_XPC_BAD_OP_ON_WN_PROTO: Illegal operation on WrappedNative prototype object
System JS : ERROR resource://yandex-vb-mod/Foundation.jsm -> file:///C:/Users/70D0~1/AppData/Local/Temp/anonymous5629407327992701587webdriver-profile/extensions/vb@yandex.ru/modules/foundation/fileutils.js:92 - NS_ERROR_XPC_BAD_OP_ON_WN_PROTO: Illegal operation on WrappedNative prototype object
System JS : ERROR resource://yandex-vb-mod/Foundation.jsm -> file:///C:/Users/70D0~1/AppData/Local/Temp/anonymous5629407327992701587webdriver-profile/extensions/vb@yandex.ru/modules/foundation/fileutils.js:92 - NS_ERROR_XPC_BAD_OP_ON_WN_PROTO: Illegal operation on WrappedNative prototype object
System JS : ERROR resource://yandex-vb-mod/Foundation.jsm -> file:///C:/Users/70D0~1/AppData/Local/Temp/anonymous5629407327992701587webdriver-profile/extensions/vb@yandex.ru/modules/foundation/fileutils.js:92 - NS_ERROR_XPC_BAD_OP_ON_WN_PROTO: Illegal operation on WrappedNative prototype object
System JS : ERROR resource://yandex-vb-mod/Foundation.jsm -> file:///C:/Users/70D0~1/AppData/Local/Temp/anonymous5629407327992701587webdriver-profile/extensions/vb@yandex.ru/modules/foundation/fileutils.js:92 - NS_ERROR_XPC_BAD_OP_ON_WN_PROTO: Illegal operation on WrappedNative prototype object
System JS : ERROR resource://yandex-vb-mod/Foundation.jsm -> file:///C:/Users/70D0~1/AppData/Local/Temp/anonymous5629407327992701587webdriver-profile/extensions/vb@yandex.ru/modules/foundation/fileutils.j1412417700027	DeferredSave.extensions.json	DEBUG	Save changes
1412417700030	DeferredSave.extensions.json	DEBUG	Starting timer
1412417700053	DeferredSave.extensions.json	DEBUG	Starting write
1412417700069	DeferredSave.extensions.json	DEBUG	Write succeeded
1412417700070	addons.xpi-utils	DEBUG	XPI Database saved, setting schema version preference to 16

	at org.openqa.selenium.firefox.internal.NewProfileExtensionConnection.start(NewProfileExtensionConnection.java:118)
	... 30 more
]]>
    </failure>
  </testcase> <!-- testNewUserCreation -->
  <testcase name="testNewUserCreation" time="0.001" classname="com.example.tests.NewContact">
    <failure type="org.openqa.selenium.WebDriverException" message="Failed to connect to binary FirefoxBinary(C:\Program Files (x86)\Mozilla Firefox\firefox.exe) on port 7055; process output follows: 
yandex-vb-mod/Foundation.jsm -&gt; file:///C:/Users/70D0~1/AppData/Local/Temp/anonymous5629407327992701587webdriver-profile/extensions/vb@yandex.ru/modules/foundation/xmlutils.js:106 - NS_ERROR_XPC_BAD_OP_ON_WN_PROTO: Illegal operation on WrappedNative prototype object
System JS : ERROR resource://yandex-vb-mod/Foundation.jsm -&gt; file:///C:/Users/70D0~1/AppData/Local/Temp/anonymous5629407327992701587webdriver-profile/extensions/vb@yandex.ru/modules/foundation/xmlutils.js:106 - NS_ERROR_XPC_BAD_OP_ON_WN_PROTO: Illegal operation on WrappedNative prototype object
System JS : ERROR resource://yandex-vb-mod/Foundation.jsm -&gt; file:///C:/Users/70D0~1/AppData/Local/Temp/anonymous5629407327992701587webdriver-profile/extensions/vb@yandex.ru/modules/foundation/fileutils.js:92 - NS_ERROR_XPC_BAD_OP_ON_WN_PROTO: Illegal operation on WrappedNative prototype object
System JS : ERROR resource://yandex-vb-mod/Foundation.jsm -&gt; file:///C:/Users/70D0~1/AppData/Local/Temp/anonymous5629407327992701587webdriver-profile/extensions/vb@yandex.ru/modules/foundation/fileutils.js:92 - NS_ERROR_XPC_BAD_OP_ON_WN_PROTO: Illegal operation on WrappedNative prototype object
System JS : ERROR resource://yandex-vb-mod/Foundation.jsm -&gt; file:///C:/Users/70D0~1/AppData/Local/Temp/anonymous5629407327992701587webdriver-profile/extensions/vb@yandex.ru/modules/foundation/fileutils.js:92 - NS_ERROR_XPC_BAD_OP_ON_WN_PROTO: Illegal operation on WrappedNative prototype object
System JS : ERROR resource://yandex-vb-mod/Foundation.jsm -&gt; file:///C:/Users/70D0~1/AppData/Local/Temp/anonymous5629407327992701587webdriver-profile/extensions/vb@yandex.ru/modules/foundation/fileutils.js:92 - NS_ERROR_XPC_BAD_OP_ON_WN_PROTO: Illegal operation on WrappedNative prototype object
System JS : ERROR resource://yandex-vb-mod/Foundation.jsm -&gt; file:///C:/Users/70D0~1/AppData/Local/Temp/anonymous5629407327992701587webdriver-profile/extensions/vb@yandex.ru/modules/foundation/fileutils.js:92 - NS_ERROR_XPC_BAD_OP_ON_WN_PROTO: Illegal operation on WrappedNative prototype object
System JS : ERROR resource://yandex-vb-mod/Foundation.jsm -&gt; file:///C:/Users/70D0~1/AppData/Local/Temp/anonymous5629407327992701587webdriver-profile/extensions/vb@yandex.ru/modules/foundation/fileutils.js:92 - NS_ERROR_XPC_BAD_OP_ON_WN_PROTO: Illegal operation on WrappedNative prototype object
System JS : ERROR resource://yandex-vb-mod/Foundation.jsm -&gt; file:///C:/Users/70D0~1/AppData/Local/Temp/anonymous5629407327992701587webdriver-profile/extensions/vb@yandex.ru/modules/foundation/fileutils.js:92 - NS_ERROR_XPC_BAD_OP_ON_WN_PROTO: Illegal operation on WrappedNative prototype object
System JS : ERROR resource://yandex-vb-mod/Foundation.jsm -&gt; file:///C:/Users/70D0~1/AppData/Local/Temp/anonymous5629407327992701587webdriver-profile/extensions/vb@yandex.ru/modules/foundation/fileutils.js:92 - NS_ERROR_XPC_BAD_OP_ON_WN_PROTO: Illegal operation on WrappedNative prototype object
System JS : ERROR resource://yandex-vb-mod/Foundation.jsm -&gt; file:///C:/Users/70D0~1/AppData/Local/Temp/anonymous5629407327992701587webdriver-profile/extensions/vb@yandex.ru/modules/foundation/fileutils.js:92 - NS_ERROR_XPC_BAD_OP_ON_WN_PROTO: Illegal operation on WrappedNative prototype object
System JS : ERROR resource://yandex-vb-mod/Foundation.jsm -&gt; file:///C:/Users/70D0~1/AppData/Local/Temp/anonymous5629407327992701587webdriver-profile/extensions/vb@yandex.ru/modules/foundation/fileutils.js:92 - NS_ERROR_XPC_BAD_OP_ON_WN_PROTO: Illegal operation on WrappedNative prototype object
System JS : ERROR resource://yandex-vb-mod/Foundation.jsm -&gt; file:///C:/Users/70D0~1/AppData/Local/Temp/anonymous5629407327992701587webdriver-profile/extensions/vb@yandex.ru/modules/foundation/fileutils.j1412417700027	DeferredSave.extensions.json	DEBUG	Save changes
1412417700030	DeferredSave.extensions.json	DEBUG	Starting timer
1412417700053	DeferredSave.extensions.json	DEBUG	Starting write
1412417700069	DeferredSave.extensions.json	DEBUG	Write succeeded
1412417700070	addons.xpi-utils	DEBUG	XPI Database saved, setting schema version preference to 16

Build info: version: &#039;2.42.2&#039;, revision: &#039;6a6995d&#039;, time: &#039;2014-06-03 17:42:03&#039;
System info: host: &#039;Gorod_b&#039;, ip: &#039;192.168.220.1&#039;, os.name: &#039;Windows 8.1&#039;, os.arch: &#039;amd64&#039;, os.version: &#039;6.3&#039;, java.version: &#039;1.7.0_60&#039;
Driver info: driver.version: FirefoxDriver">
      <![CDATA[org.openqa.selenium.WebDriverException: Failed to connect to binary FirefoxBinary(C:\Program Files (x86)\Mozilla Firefox\firefox.exe) on port 7055; process output follows: 
yandex-vb-mod/Foundation.jsm -> file:///C:/Users/70D0~1/AppData/Local/Temp/anonymous5629407327992701587webdriver-profile/extensions/vb@yandex.ru/modules/foundation/xmlutils.js:106 - NS_ERROR_XPC_BAD_OP_ON_WN_PROTO: Illegal operation on WrappedNative prototype object
System JS : ERROR resource://yandex-vb-mod/Foundation.jsm -> file:///C:/Users/70D0~1/AppData/Local/Temp/anonymous5629407327992701587webdriver-profile/extensions/vb@yandex.ru/modules/foundation/xmlutils.js:106 - NS_ERROR_XPC_BAD_OP_ON_WN_PROTO: Illegal operation on WrappedNative prototype object
System JS : ERROR resource://yandex-vb-mod/Foundation.jsm -> file:///C:/Users/70D0~1/AppData/Local/Temp/anonymous5629407327992701587webdriver-profile/extensions/vb@yandex.ru/modules/foundation/fileutils.js:92 - NS_ERROR_XPC_BAD_OP_ON_WN_PROTO: Illegal operation on WrappedNative prototype object
System JS : ERROR resource://yandex-vb-mod/Foundation.jsm -> file:///C:/Users/70D0~1/AppData/Local/Temp/anonymous5629407327992701587webdriver-profile/extensions/vb@yandex.ru/modules/foundation/fileutils.js:92 - NS_ERROR_XPC_BAD_OP_ON_WN_PROTO: Illegal operation on WrappedNative prototype object
System JS : ERROR resource://yandex-vb-mod/Foundation.jsm -> file:///C:/Users/70D0~1/AppData/Local/Temp/anonymous5629407327992701587webdriver-profile/extensions/vb@yandex.ru/modules/foundation/fileutils.js:92 - NS_ERROR_XPC_BAD_OP_ON_WN_PROTO: Illegal operation on WrappedNative prototype object
System JS : ERROR resource://yandex-vb-mod/Foundation.jsm -> file:///C:/Users/70D0~1/AppData/Local/Temp/anonymous5629407327992701587webdriver-profile/extensions/vb@yandex.ru/modules/foundation/fileutils.js:92 - NS_ERROR_XPC_BAD_OP_ON_WN_PROTO: Illegal operation on WrappedNative prototype object
System JS : ERROR resource://yandex-vb-mod/Foundation.jsm -> file:///C:/Users/70D0~1/AppData/Local/Temp/anonymous5629407327992701587webdriver-profile/extensions/vb@yandex.ru/modules/foundation/fileutils.js:92 - NS_ERROR_XPC_BAD_OP_ON_WN_PROTO: Illegal operation on WrappedNative prototype object
System JS : ERROR resource://yandex-vb-mod/Foundation.jsm -> file:///C:/Users/70D0~1/AppData/Local/Temp/anonymous5629407327992701587webdriver-profile/extensions/vb@yandex.ru/modules/foundation/fileutils.js:92 - NS_ERROR_XPC_BAD_OP_ON_WN_PROTO: Illegal operation on WrappedNative prototype object
System JS : ERROR resource://yandex-vb-mod/Foundation.jsm -> file:///C:/Users/70D0~1/AppData/Local/Temp/anonymous5629407327992701587webdriver-profile/extensions/vb@yandex.ru/modules/foundation/fileutils.js:92 - NS_ERROR_XPC_BAD_OP_ON_WN_PROTO: Illegal operation on WrappedNative prototype object
System JS : ERROR resource://yandex-vb-mod/Foundation.jsm -> file:///C:/Users/70D0~1/AppData/Local/Temp/anonymous5629407327992701587webdriver-profile/extensions/vb@yandex.ru/modules/foundation/fileutils.js:92 - NS_ERROR_XPC_BAD_OP_ON_WN_PROTO: Illegal operation on WrappedNative prototype object
System JS : ERROR resource://yandex-vb-mod/Foundation.jsm -> file:///C:/Users/70D0~1/AppData/Local/Temp/anonymous5629407327992701587webdriver-profile/extensions/vb@yandex.ru/modules/foundation/fileutils.js:92 - NS_ERROR_XPC_BAD_OP_ON_WN_PROTO: Illegal operation on WrappedNative prototype object
System JS : ERROR resource://yandex-vb-mod/Foundation.jsm -> file:///C:/Users/70D0~1/AppData/Local/Temp/anonymous5629407327992701587webdriver-profile/extensions/vb@yandex.ru/modules/foundation/fileutils.js:92 - NS_ERROR_XPC_BAD_OP_ON_WN_PROTO: Illegal operation on WrappedNative prototype object
System JS : ERROR resource://yandex-vb-mod/Foundation.jsm -> file:///C:/Users/70D0~1/AppData/Local/Temp/anonymous5629407327992701587webdriver-profile/extensions/vb@yandex.ru/modules/foundation/fileutils.j1412417700027	DeferredSave.extensions.json	DEBUG	Save changes
1412417700030	DeferredSave.extensions.json	DEBUG	Starting timer
1412417700053	DeferredSave.extensions.json	DEBUG	Starting write
1412417700069	DeferredSave.extensions.json	DEBUG	Write succeeded
1412417700070	addons.xpi-utils	DEBUG	XPI Database saved, setting schema version preference to 16

Build info: version: '2.42.2', revision: '6a6995d', time: '2014-06-03 17:42:03'
System info: host: 'Gorod_b', ip: '192.168.220.1', os.name: 'Windows 8.1', os.arch: 'amd64', os.version: '6.3', java.version: '1.7.0_60'
Driver info: driver.version: FirefoxDriver
	at org.openqa.selenium.firefox.internal.NewProfileExtensionConnection.start(NewProfileExtensionConnection.java:130)
	at org.openqa.selenium.firefox.FirefoxDriver.startClient(FirefoxDriver.java:246)
	at org.openqa.selenium.remote.RemoteWebDriver.<init>(RemoteWebDriver.java:114)
	at org.openqa.selenium.firefox.FirefoxDriver.<init>(FirefoxDriver.java:193)
	at org.openqa.selenium.firefox.FirefoxDriver.<init>(FirefoxDriver.java:186)
	at org.openqa.selenium.firefox.FirefoxDriver.<init>(FirefoxDriver.java:182)
	at org.openqa.selenium.firefox.FirefoxDriver.<init>(FirefoxDriver.java:95)
	at com.example.framework.ApplicationManager.<init>(ApplicationManager.java:27)
	at com.example.tests.BaseClass.setUp(BaseClass.java:28)
	at sun.reflect.NativeMethodAccessorImpl.invoke0(Native Method)
	at sun.reflect.NativeMethodAccessorImpl.invoke(Unknown Source)
	at sun.reflect.DelegatingMethodAccessorImpl.invoke(Unknown Source)
	at java.lang.reflect.Method.invoke(Unknown Source)
	at org.testng.internal.MethodInvocationHelper.invokeMethod(MethodInvocationHelper.java:84)
	at org.testng.internal.Invoker.invokeConfigurationMethod(Invoker.java:564)
	at org.testng.internal.Invoker.invokeConfigurations(Invoker.java:213)
	at org.testng.internal.Invoker.invokeConfigurations(Invoker.java:138)
	at org.testng.TestRunner.beforeRun(TestRunner.java:641)
	at org.testng.TestRunner.run(TestRunner.java:609)
	at org.testng.SuiteRunner.runTest(SuiteRunner.java:334)
	at org.testng.SuiteRunner.runSequentially(SuiteRunner.java:329)
	at org.testng.SuiteRunner.privateRun(SuiteRunner.java:291)
	at org.testng.SuiteRunner.run(SuiteRunner.java:240)
	at org.testng.SuiteRunnerWorker.runSuite(SuiteRunnerWorker.java:52)
	at org.testng.SuiteRunnerWorker.run(SuiteRunnerWorker.java:86)
	at org.testng.TestNG.runSuitesSequentially(TestNG.java:1224)
	at org.testng.TestNG.runSuitesLocally(TestNG.java:1149)
	at org.testng.TestNG.run(TestNG.java:1057)
	at org.testng.remote.RemoteTestNG.run(RemoteTestNG.java:111)
	at org.testng.remote.RemoteTestNG.initAndRun(RemoteTestNG.java:204)
	at org.testng.remote.RemoteTestNG.main(RemoteTestNG.java:175)
Caused by: org.openqa.selenium.firefox.NotConnectedException: Unable to connect to host 127.0.0.1 on port 7055 after 45000 ms. Firefox console output:
yandex-vb-mod/Foundation.jsm -> file:///C:/Users/70D0~1/AppData/Local/Temp/anonymous5629407327992701587webdriver-profile/extensions/vb@yandex.ru/modules/foundation/xmlutils.js:106 - NS_ERROR_XPC_BAD_OP_ON_WN_PROTO: Illegal operation on WrappedNative prototype object
System JS : ERROR resource://yandex-vb-mod/Foundation.jsm -> file:///C:/Users/70D0~1/AppData/Local/Temp/anonymous5629407327992701587webdriver-profile/extensions/vb@yandex.ru/modules/foundation/xmlutils.js:106 - NS_ERROR_XPC_BAD_OP_ON_WN_PROTO: Illegal operation on WrappedNative prototype object
System JS : ERROR resource://yandex-vb-mod/Foundation.jsm -> file:///C:/Users/70D0~1/AppData/Local/Temp/anonymous5629407327992701587webdriver-profile/extensions/vb@yandex.ru/modules/foundation/fileutils.js:92 - NS_ERROR_XPC_BAD_OP_ON_WN_PROTO: Illegal operation on WrappedNative prototype object
System JS : ERROR resource://yandex-vb-mod/Foundation.jsm -> file:///C:/Users/70D0~1/AppData/Local/Temp/anonymous5629407327992701587webdriver-profile/extensions/vb@yandex.ru/modules/foundation/fileutils.js:92 - NS_ERROR_XPC_BAD_OP_ON_WN_PROTO: Illegal operation on WrappedNative prototype object
System JS : ERROR resource://yandex-vb-mod/Foundation.jsm -> file:///C:/Users/70D0~1/AppData/Local/Temp/anonymous5629407327992701587webdriver-profile/extensions/vb@yandex.ru/modules/foundation/fileutils.js:92 - NS_ERROR_XPC_BAD_OP_ON_WN_PROTO: Illegal operation on WrappedNative prototype object
System JS : ERROR resource://yandex-vb-mod/Foundation.jsm -> file:///C:/Users/70D0~1/AppData/Local/Temp/anonymous5629407327992701587webdriver-profile/extensions/vb@yandex.ru/modules/foundation/fileutils.js:92 - NS_ERROR_XPC_BAD_OP_ON_WN_PROTO: Illegal operation on WrappedNative prototype object
System JS : ERROR resource://yandex-vb-mod/Foundation.jsm -> file:///C:/Users/70D0~1/AppData/Local/Temp/anonymous5629407327992701587webdriver-profile/extensions/vb@yandex.ru/modules/foundation/fileutils.js:92 - NS_ERROR_XPC_BAD_OP_ON_WN_PROTO: Illegal operation on WrappedNative prototype object
System JS : ERROR resource://yandex-vb-mod/Foundation.jsm -> file:///C:/Users/70D0~1/AppData/Local/Temp/anonymous5629407327992701587webdriver-profile/extensions/vb@yandex.ru/modules/foundation/fileutils.js:92 - NS_ERROR_XPC_BAD_OP_ON_WN_PROTO: Illegal operation on WrappedNative prototype object
System JS : ERROR resource://yandex-vb-mod/Foundation.jsm -> file:///C:/Users/70D0~1/AppData/Local/Temp/anonymous5629407327992701587webdriver-profile/extensions/vb@yandex.ru/modules/foundation/fileutils.js:92 - NS_ERROR_XPC_BAD_OP_ON_WN_PROTO: Illegal operation on WrappedNative prototype object
System JS : ERROR resource://yandex-vb-mod/Foundation.jsm -> file:///C:/Users/70D0~1/AppData/Local/Temp/anonymous5629407327992701587webdriver-profile/extensions/vb@yandex.ru/modules/foundation/fileutils.js:92 - NS_ERROR_XPC_BAD_OP_ON_WN_PROTO: Illegal operation on WrappedNative prototype object
System JS : ERROR resource://yandex-vb-mod/Foundation.jsm -> file:///C:/Users/70D0~1/AppData/Local/Temp/anonymous5629407327992701587webdriver-profile/extensions/vb@yandex.ru/modules/foundation/fileutils.js:92 - NS_ERROR_XPC_BAD_OP_ON_WN_PROTO: Illegal operation on WrappedNative prototype object
System JS : ERROR resource://yandex-vb-mod/Foundation.jsm -> file:///C:/Users/70D0~1/AppData/Local/Temp/anonymous5629407327992701587webdriver-profile/extensions/vb@yandex.ru/modules/foundation/fileutils.js:92 - NS_ERROR_XPC_BAD_OP_ON_WN_PROTO: Illegal operation on WrappedNative prototype object
System JS : ERROR resource://yandex-vb-mod/Foundation.jsm -> file:///C:/Users/70D0~1/AppData/Local/Temp/anonymous5629407327992701587webdriver-profile/extensions/vb@yandex.ru/modules/foundation/fileutils.j1412417700027	DeferredSave.extensions.json	DEBUG	Save changes
1412417700030	DeferredSave.extensions.json	DEBUG	Starting timer
1412417700053	DeferredSave.extensions.json	DEBUG	Starting write
1412417700069	DeferredSave.extensions.json	DEBUG	Write succeeded
1412417700070	addons.xpi-utils	DEBUG	XPI Database saved, setting schema version preference to 16

	at org.openqa.selenium.firefox.internal.NewProfileExtensionConnection.start(NewProfileExtensionConnection.java:118)
	... 30 more
]]>
    </failure>
  </testcase> <!-- testNewUserCreation -->
  <testcase name="testNewUserCreation" time="0.001" classname="com.example.tests.NewContact">
    <failure type="org.openqa.selenium.WebDriverException" message="Failed to connect to binary FirefoxBinary(C:\Program Files (x86)\Mozilla Firefox\firefox.exe) on port 7055; process output follows: 
yandex-vb-mod/Foundation.jsm -&gt; file:///C:/Users/70D0~1/AppData/Local/Temp/anonymous5629407327992701587webdriver-profile/extensions/vb@yandex.ru/modules/foundation/xmlutils.js:106 - NS_ERROR_XPC_BAD_OP_ON_WN_PROTO: Illegal operation on WrappedNative prototype object
System JS : ERROR resource://yandex-vb-mod/Foundation.jsm -&gt; file:///C:/Users/70D0~1/AppData/Local/Temp/anonymous5629407327992701587webdriver-profile/extensions/vb@yandex.ru/modules/foundation/xmlutils.js:106 - NS_ERROR_XPC_BAD_OP_ON_WN_PROTO: Illegal operation on WrappedNative prototype object
System JS : ERROR resource://yandex-vb-mod/Foundation.jsm -&gt; file:///C:/Users/70D0~1/AppData/Local/Temp/anonymous5629407327992701587webdriver-profile/extensions/vb@yandex.ru/modules/foundation/fileutils.js:92 - NS_ERROR_XPC_BAD_OP_ON_WN_PROTO: Illegal operation on WrappedNative prototype object
System JS : ERROR resource://yandex-vb-mod/Foundation.jsm -&gt; file:///C:/Users/70D0~1/AppData/Local/Temp/anonymous5629407327992701587webdriver-profile/extensions/vb@yandex.ru/modules/foundation/fileutils.js:92 - NS_ERROR_XPC_BAD_OP_ON_WN_PROTO: Illegal operation on WrappedNative prototype object
System JS : ERROR resource://yandex-vb-mod/Foundation.jsm -&gt; file:///C:/Users/70D0~1/AppData/Local/Temp/anonymous5629407327992701587webdriver-profile/extensions/vb@yandex.ru/modules/foundation/fileutils.js:92 - NS_ERROR_XPC_BAD_OP_ON_WN_PROTO: Illegal operation on WrappedNative prototype object
System JS : ERROR resource://yandex-vb-mod/Foundation.jsm -&gt; file:///C:/Users/70D0~1/AppData/Local/Temp/anonymous5629407327992701587webdriver-profile/extensions/vb@yandex.ru/modules/foundation/fileutils.js:92 - NS_ERROR_XPC_BAD_OP_ON_WN_PROTO: Illegal operation on WrappedNative prototype object
System JS : ERROR resource://yandex-vb-mod/Foundation.jsm -&gt; file:///C:/Users/70D0~1/AppData/Local/Temp/anonymous5629407327992701587webdriver-profile/extensions/vb@yandex.ru/modules/foundation/fileutils.js:92 - NS_ERROR_XPC_BAD_OP_ON_WN_PROTO: Illegal operation on WrappedNative prototype object
System JS : ERROR resource://yandex-vb-mod/Foundation.jsm -&gt; file:///C:/Users/70D0~1/AppData/Local/Temp/anonymous5629407327992701587webdriver-profile/extensions/vb@yandex.ru/modules/foundation/fileutils.js:92 - NS_ERROR_XPC_BAD_OP_ON_WN_PROTO: Illegal operation on WrappedNative prototype object
System JS : ERROR resource://yandex-vb-mod/Foundation.jsm -&gt; file:///C:/Users/70D0~1/AppData/Local/Temp/anonymous5629407327992701587webdriver-profile/extensions/vb@yandex.ru/modules/foundation/fileutils.js:92 - NS_ERROR_XPC_BAD_OP_ON_WN_PROTO: Illegal operation on WrappedNative prototype object
System JS : ERROR resource://yandex-vb-mod/Foundation.jsm -&gt; file:///C:/Users/70D0~1/AppData/Local/Temp/anonymous5629407327992701587webdriver-profile/extensions/vb@yandex.ru/modules/foundation/fileutils.js:92 - NS_ERROR_XPC_BAD_OP_ON_WN_PROTO: Illegal operation on WrappedNative prototype object
System JS : ERROR resource://yandex-vb-mod/Foundation.jsm -&gt; file:///C:/Users/70D0~1/AppData/Local/Temp/anonymous5629407327992701587webdriver-profile/extensions/vb@yandex.ru/modules/foundation/fileutils.js:92 - NS_ERROR_XPC_BAD_OP_ON_WN_PROTO: Illegal operation on WrappedNative prototype object
System JS : ERROR resource://yandex-vb-mod/Foundation.jsm -&gt; file:///C:/Users/70D0~1/AppData/Local/Temp/anonymous5629407327992701587webdriver-profile/extensions/vb@yandex.ru/modules/foundation/fileutils.js:92 - NS_ERROR_XPC_BAD_OP_ON_WN_PROTO: Illegal operation on WrappedNative prototype object
System JS : ERROR resource://yandex-vb-mod/Foundation.jsm -&gt; file:///C:/Users/70D0~1/AppData/Local/Temp/anonymous5629407327992701587webdriver-profile/extensions/vb@yandex.ru/modules/foundation/fileutils.j1412417700027	DeferredSave.extensions.json	DEBUG	Save changes
1412417700030	DeferredSave.extensions.json	DEBUG	Starting timer
1412417700053	DeferredSave.extensions.json	DEBUG	Starting write
1412417700069	DeferredSave.extensions.json	DEBUG	Write succeeded
1412417700070	addons.xpi-utils	DEBUG	XPI Database saved, setting schema version preference to 16

Build info: version: &#039;2.42.2&#039;, revision: &#039;6a6995d&#039;, time: &#039;2014-06-03 17:42:03&#039;
System info: host: &#039;Gorod_b&#039;, ip: &#039;192.168.220.1&#039;, os.name: &#039;Windows 8.1&#039;, os.arch: &#039;amd64&#039;, os.version: &#039;6.3&#039;, java.version: &#039;1.7.0_60&#039;
Driver info: driver.version: FirefoxDriver">
      <![CDATA[org.openqa.selenium.WebDriverException: Failed to connect to binary FirefoxBinary(C:\Program Files (x86)\Mozilla Firefox\firefox.exe) on port 7055; process output follows: 
yandex-vb-mod/Foundation.jsm -> file:///C:/Users/70D0~1/AppData/Local/Temp/anonymous5629407327992701587webdriver-profile/extensions/vb@yandex.ru/modules/foundation/xmlutils.js:106 - NS_ERROR_XPC_BAD_OP_ON_WN_PROTO: Illegal operation on WrappedNative prototype object
System JS : ERROR resource://yandex-vb-mod/Foundation.jsm -> file:///C:/Users/70D0~1/AppData/Local/Temp/anonymous5629407327992701587webdriver-profile/extensions/vb@yandex.ru/modules/foundation/xmlutils.js:106 - NS_ERROR_XPC_BAD_OP_ON_WN_PROTO: Illegal operation on WrappedNative prototype object
System JS : ERROR resource://yandex-vb-mod/Foundation.jsm -> file:///C:/Users/70D0~1/AppData/Local/Temp/anonymous5629407327992701587webdriver-profile/extensions/vb@yandex.ru/modules/foundation/fileutils.js:92 - NS_ERROR_XPC_BAD_OP_ON_WN_PROTO: Illegal operation on WrappedNative prototype object
System JS : ERROR resource://yandex-vb-mod/Foundation.jsm -> file:///C:/Users/70D0~1/AppData/Local/Temp/anonymous5629407327992701587webdriver-profile/extensions/vb@yandex.ru/modules/foundation/fileutils.js:92 - NS_ERROR_XPC_BAD_OP_ON_WN_PROTO: Illegal operation on WrappedNative prototype object
System JS : ERROR resource://yandex-vb-mod/Foundation.jsm -> file:///C:/Users/70D0~1/AppData/Local/Temp/anonymous5629407327992701587webdriver-profile/extensions/vb@yandex.ru/modules/foundation/fileutils.js:92 - NS_ERROR_XPC_BAD_OP_ON_WN_PROTO: Illegal operation on WrappedNative prototype object
System JS : ERROR resource://yandex-vb-mod/Foundation.jsm -> file:///C:/Users/70D0~1/AppData/Local/Temp/anonymous5629407327992701587webdriver-profile/extensions/vb@yandex.ru/modules/foundation/fileutils.js:92 - NS_ERROR_XPC_BAD_OP_ON_WN_PROTO: Illegal operation on WrappedNative prototype object
System JS : ERROR resource://yandex-vb-mod/Foundation.jsm -> file:///C:/Users/70D0~1/AppData/Local/Temp/anonymous5629407327992701587webdriver-profile/extensions/vb@yandex.ru/modules/foundation/fileutils.js:92 - NS_ERROR_XPC_BAD_OP_ON_WN_PROTO: Illegal operation on WrappedNative prototype object
System JS : ERROR resource://yandex-vb-mod/Foundation.jsm -> file:///C:/Users/70D0~1/AppData/Local/Temp/anonymous5629407327992701587webdriver-profile/extensions/vb@yandex.ru/modules/foundation/fileutils.js:92 - NS_ERROR_XPC_BAD_OP_ON_WN_PROTO: Illegal operation on WrappedNative prototype object
System JS : ERROR resource://yandex-vb-mod/Foundation.jsm -> file:///C:/Users/70D0~1/AppData/Local/Temp/anonymous5629407327992701587webdriver-profile/extensions/vb@yandex.ru/modules/foundation/fileutils.js:92 - NS_ERROR_XPC_BAD_OP_ON_WN_PROTO: Illegal operation on WrappedNative prototype object
System JS : ERROR resource://yandex-vb-mod/Foundation.jsm -> file:///C:/Users/70D0~1/AppData/Local/Temp/anonymous5629407327992701587webdriver-profile/extensions/vb@yandex.ru/modules/foundation/fileutils.js:92 - NS_ERROR_XPC_BAD_OP_ON_WN_PROTO: Illegal operation on WrappedNative prototype object
System JS : ERROR resource://yandex-vb-mod/Foundation.jsm -> file:///C:/Users/70D0~1/AppData/Local/Temp/anonymous5629407327992701587webdriver-profile/extensions/vb@yandex.ru/modules/foundation/fileutils.js:92 - NS_ERROR_XPC_BAD_OP_ON_WN_PROTO: Illegal operation on WrappedNative prototype object
System JS : ERROR resource://yandex-vb-mod/Foundation.jsm -> file:///C:/Users/70D0~1/AppData/Local/Temp/anonymous5629407327992701587webdriver-profile/extensions/vb@yandex.ru/modules/foundation/fileutils.js:92 - NS_ERROR_XPC_BAD_OP_ON_WN_PROTO: Illegal operation on WrappedNative prototype object
System JS : ERROR resource://yandex-vb-mod/Foundation.jsm -> file:///C:/Users/70D0~1/AppData/Local/Temp/anonymous5629407327992701587webdriver-profile/extensions/vb@yandex.ru/modules/foundation/fileutils.j1412417700027	DeferredSave.extensions.json	DEBUG	Save changes
1412417700030	DeferredSave.extensions.json	DEBUG	Starting timer
1412417700053	DeferredSave.extensions.json	DEBUG	Starting write
1412417700069	DeferredSave.extensions.json	DEBUG	Write succeeded
1412417700070	addons.xpi-utils	DEBUG	XPI Database saved, setting schema version preference to 16

Build info: version: '2.42.2', revision: '6a6995d', time: '2014-06-03 17:42:03'
System info: host: 'Gorod_b', ip: '192.168.220.1', os.name: 'Windows 8.1', os.arch: 'amd64', os.version: '6.3', java.version: '1.7.0_60'
Driver info: driver.version: FirefoxDriver
	at org.openqa.selenium.firefox.internal.NewProfileExtensionConnection.start(NewProfileExtensionConnection.java:130)
	at org.openqa.selenium.firefox.FirefoxDriver.startClient(FirefoxDriver.java:246)
	at org.openqa.selenium.remote.RemoteWebDriver.<init>(RemoteWebDriver.java:114)
	at org.openqa.selenium.firefox.FirefoxDriver.<init>(FirefoxDriver.java:193)
	at org.openqa.selenium.firefox.FirefoxDriver.<init>(FirefoxDriver.java:186)
	at org.openqa.selenium.firefox.FirefoxDriver.<init>(FirefoxDriver.java:182)
	at org.openqa.selenium.firefox.FirefoxDriver.<init>(FirefoxDriver.java:95)
	at com.example.framework.ApplicationManager.<init>(ApplicationManager.java:27)
	at com.example.tests.BaseClass.setUp(BaseClass.java:28)
	at sun.reflect.NativeMethodAccessorImpl.invoke0(Native Method)
	at sun.reflect.NativeMethodAccessorImpl.invoke(Unknown Source)
	at sun.reflect.DelegatingMethodAccessorImpl.invoke(Unknown Source)
	at java.lang.reflect.Method.invoke(Unknown Source)
	at org.testng.internal.MethodInvocationHelper.invokeMethod(MethodInvocationHelper.java:84)
	at org.testng.internal.Invoker.invokeConfigurationMethod(Invoker.java:564)
	at org.testng.internal.Invoker.invokeConfigurations(Invoker.java:213)
	at org.testng.internal.Invoker.invokeConfigurations(Invoker.java:138)
	at org.testng.TestRunner.beforeRun(TestRunner.java:641)
	at org.testng.TestRunner.run(TestRunner.java:609)
	at org.testng.SuiteRunner.runTest(SuiteRunner.java:334)
	at org.testng.SuiteRunner.runSequentially(SuiteRunner.java:329)
	at org.testng.SuiteRunner.privateRun(SuiteRunner.java:291)
	at org.testng.SuiteRunner.run(SuiteRunner.java:240)
	at org.testng.SuiteRunnerWorker.runSuite(SuiteRunnerWorker.java:52)
	at org.testng.SuiteRunnerWorker.run(SuiteRunnerWorker.java:86)
	at org.testng.TestNG.runSuitesSequentially(TestNG.java:1224)
	at org.testng.TestNG.runSuitesLocally(TestNG.java:1149)
	at org.testng.TestNG.run(TestNG.java:1057)
	at org.testng.remote.RemoteTestNG.run(RemoteTestNG.java:111)
	at org.testng.remote.RemoteTestNG.initAndRun(RemoteTestNG.java:204)
	at org.testng.remote.RemoteTestNG.main(RemoteTestNG.java:175)
Caused by: org.openqa.selenium.firefox.NotConnectedException: Unable to connect to host 127.0.0.1 on port 7055 after 45000 ms. Firefox console output:
yandex-vb-mod/Foundation.jsm -> file:///C:/Users/70D0~1/AppData/Local/Temp/anonymous5629407327992701587webdriver-profile/extensions/vb@yandex.ru/modules/foundation/xmlutils.js:106 - NS_ERROR_XPC_BAD_OP_ON_WN_PROTO: Illegal operation on WrappedNative prototype object
System JS : ERROR resource://yandex-vb-mod/Foundation.jsm -> file:///C:/Users/70D0~1/AppData/Local/Temp/anonymous5629407327992701587webdriver-profile/extensions/vb@yandex.ru/modules/foundation/xmlutils.js:106 - NS_ERROR_XPC_BAD_OP_ON_WN_PROTO: Illegal operation on WrappedNative prototype object
System JS : ERROR resource://yandex-vb-mod/Foundation.jsm -> file:///C:/Users/70D0~1/AppData/Local/Temp/anonymous5629407327992701587webdriver-profile/extensions/vb@yandex.ru/modules/foundation/fileutils.js:92 - NS_ERROR_XPC_BAD_OP_ON_WN_PROTO: Illegal operation on WrappedNative prototype object
System JS : ERROR resource://yandex-vb-mod/Foundation.jsm -> file:///C:/Users/70D0~1/AppData/Local/Temp/anonymous5629407327992701587webdriver-profile/extensions/vb@yandex.ru/modules/foundation/fileutils.js:92 - NS_ERROR_XPC_BAD_OP_ON_WN_PROTO: Illegal operation on WrappedNative prototype object
System JS : ERROR resource://yandex-vb-mod/Foundation.jsm -> file:///C:/Users/70D0~1/AppData/Local/Temp/anonymous5629407327992701587webdriver-profile/extensions/vb@yandex.ru/modules/foundation/fileutils.js:92 - NS_ERROR_XPC_BAD_OP_ON_WN_PROTO: Illegal operation on WrappedNative prototype object
System JS : ERROR resource://yandex-vb-mod/Foundation.jsm -> file:///C:/Users/70D0~1/AppData/Local/Temp/anonymous5629407327992701587webdriver-profile/extensions/vb@yandex.ru/modules/foundation/fileutils.js:92 - NS_ERROR_XPC_BAD_OP_ON_WN_PROTO: Illegal operation on WrappedNative prototype object
System JS : ERROR resource://yandex-vb-mod/Foundation.jsm -> file:///C:/Users/70D0~1/AppData/Local/Temp/anonymous5629407327992701587webdriver-profile/extensions/vb@yandex.ru/modules/foundation/fileutils.js:92 - NS_ERROR_XPC_BAD_OP_ON_WN_PROTO: Illegal operation on WrappedNative prototype object
System JS : ERROR resource://yandex-vb-mod/Foundation.jsm -> file:///C:/Users/70D0~1/AppData/Local/Temp/anonymous5629407327992701587webdriver-profile/extensions/vb@yandex.ru/modules/foundation/fileutils.js:92 - NS_ERROR_XPC_BAD_OP_ON_WN_PROTO: Illegal operation on WrappedNative prototype object
System JS : ERROR resource://yandex-vb-mod/Foundation.jsm -> file:///C:/Users/70D0~1/AppData/Local/Temp/anonymous5629407327992701587webdriver-profile/extensions/vb@yandex.ru/modules/foundation/fileutils.js:92 - NS_ERROR_XPC_BAD_OP_ON_WN_PROTO: Illegal operation on WrappedNative prototype object
System JS : ERROR resource://yandex-vb-mod/Foundation.jsm -> file:///C:/Users/70D0~1/AppData/Local/Temp/anonymous5629407327992701587webdriver-profile/extensions/vb@yandex.ru/modules/foundation/fileutils.js:92 - NS_ERROR_XPC_BAD_OP_ON_WN_PROTO: Illegal operation on WrappedNative prototype object
System JS : ERROR resource://yandex-vb-mod/Foundation.jsm -> file:///C:/Users/70D0~1/AppData/Local/Temp/anonymous5629407327992701587webdriver-profile/extensions/vb@yandex.ru/modules/foundation/fileutils.js:92 - NS_ERROR_XPC_BAD_OP_ON_WN_PROTO: Illegal operation on WrappedNative prototype object
System JS : ERROR resource://yandex-vb-mod/Foundation.jsm -> file:///C:/Users/70D0~1/AppData/Local/Temp/anonymous5629407327992701587webdriver-profile/extensions/vb@yandex.ru/modules/foundation/fileutils.js:92 - NS_ERROR_XPC_BAD_OP_ON_WN_PROTO: Illegal operation on WrappedNative prototype object
System JS : ERROR resource://yandex-vb-mod/Foundation.jsm -> file:///C:/Users/70D0~1/AppData/Local/Temp/anonymous5629407327992701587webdriver-profile/extensions/vb@yandex.ru/modules/foundation/fileutils.j1412417700027	DeferredSave.extensions.json	DEBUG	Save changes
1412417700030	DeferredSave.extensions.json	DEBUG	Starting timer
1412417700053	DeferredSave.extensions.json	DEBUG	Starting write
1412417700069	DeferredSave.extensions.json	DEBUG	Write succeeded
1412417700070	addons.xpi-utils	DEBUG	XPI Database saved, setting schema version preference to 16

	at org.openqa.selenium.firefox.internal.NewProfileExtensionConnection.start(NewProfileExtensionConnection.java:118)
	... 30 more
]]>
    </failure>
  </testcase> <!-- testNewUserCreation -->
</testsuite> <!-- com.example.tests.NewContact -->
