<?xml version="1.0" encoding="UTF-8"?>
<!-- Generated by org.testng.reporters.JUnitReportReporter -->
<testsuite hostname="Gorod_b" name="com.example.tests.NewGroup" tests="1" failures="0" timestamp="16 Aug 2014 18:21:47 GMT" time="5.084" errors="0">
  <testcase name="testNoneEmptyGroupCreation" time="5.084" classname="com.example.tests.NewGroup"/>
</testsuite> <!-- com.example.tests.NewGroup -->
