<?xml version="1.0" encoding="UTF-8"?>
<!-- Generated by org.testng.reporters.JUnitReportReporter -->
<testsuite hostname="Gorod_b" name="com.example.tests.ContactRemovalTest" tests="1" failures="0" timestamp="28 Aug 2014 15:18:24 GMT" time="6.051" errors="0">
  <testcase name="deleteSomeContact" time="6.051" classname="com.example.tests.ContactRemovalTest"/>
</testsuite> <!-- com.example.tests.ContactRemovalTest -->
