<?xml version="1.0" encoding="UTF-8"?>
<!-- Generated by org.testng.reporters.JUnitReportReporter -->
<testsuite hostname="Gorod_b" name="com.example.tests.NewGroup" tests="5" failures="0" timestamp="1 Sep 2014 20:08:31 GMT" time="13.664" errors="0">
  <testcase name="testValidDatasGroupCreation" time="2.566" classname="com.example.tests.NewGroup"/>
  <testcase name="testValidDatasGroupCreation" time="2.429" classname="com.example.tests.NewGroup"/>
  <testcase name="testValidDatasGroupCreation" time="2.251" classname="com.example.tests.NewGroup"/>
  <testcase name="testValidDatasGroupCreation" time="2.456" classname="com.example.tests.NewGroup"/>
  <testcase name="testValidDatasGroupCreation" time="3.962" classname="com.example.tests.NewGroup"/>
</testsuite> <!-- com.example.tests.NewGroup -->
