<?xml version="1.0" encoding="UTF-8"?>
<!-- Generated by org.testng.reporters.JUnitReportReporter -->
<testsuite hostname="Gorod_b" name="com.example.tests.ContactModification" tests="1" failures="0" timestamp="24 Aug 2014 09:44:58 GMT" time="3.609" errors="0">
  <testcase name="deleteSomeContact" time="3.609" classname="com.example.tests.ContactModification"/>
</testsuite> <!-- com.example.tests.ContactModification -->
