<?xml version="1.0" encoding="UTF-8"?>
<!-- Generated by org.testng.reporters.JUnitReportReporter -->
<testsuite hostname="Gorod_b" name="com.example.tests.ContactRemovalTest" tests="1" failures="0" timestamp="31 Aug 2014 14:02:39 GMT" time="6.758" errors="0">
  <testcase name="deleteSomeContact" time="6.758" classname="com.example.tests.ContactRemovalTest"/>
</testsuite> <!-- com.example.tests.ContactRemovalTest -->
