<?xml version="1.0" encoding="UTF-8"?>
<!-- Generated by org.testng.reporters.JUnitReportReporter -->
<testsuite hostname="Gorod_b" name="com.example.tests.NewGroup" tests="3" failures="0" timestamp="20 Sep 2014 09:06:41 GMT" time="10.434" errors="0">
  <testcase name="testValidDatasGroupCreation" time="5.927" classname="com.example.tests.NewGroup"/>
  <testcase name="testValidDatasGroupCreation" time="2.288" classname="com.example.tests.NewGroup"/>
  <testcase name="testValidDatasGroupCreation" time="2.219" classname="com.example.tests.NewGroup"/>
</testsuite> <!-- com.example.tests.NewGroup -->
