<?xml version="1.0" encoding="UTF-8"?>
<!-- Generated by org.testng.reporters.JUnitReportReporter -->
<testsuite hostname="Gorod_b" name="com.example.tests.GroupRemovalTests" tests="1" failures="0" timestamp="1 Sep 2014 20:14:00 GMT" time="4.029" errors="0">
  <testcase name="deleteSomeGroup" time="4.029" classname="com.example.tests.GroupRemovalTests"/>
</testsuite> <!-- com.example.tests.GroupRemovalTests -->
