<?xml version="1.0" encoding="UTF-8"?>
<!-- Generated by org.testng.reporters.JUnitReportReporter -->
<testsuite hostname="Gorod_b" name="com.example.tests.NewContact" tests="2" failures="0" timestamp="2 Aug 2014 12:07:47 GMT" time="8.255" errors="0">
  <testcase name="testEmptyGroupCreation" time="4.089" classname="com.example.tests.NewContact"/>
  <testcase name="testNoneEmptyGroupCreation" time="4.166" classname="com.example.tests.NewContact"/>
</testsuite> <!-- com.example.tests.NewContact -->
