<?xml version="1.0" encoding="UTF-8"?>
<!-- Generated by org.testng.reporters.JUnitReportReporter -->
<testsuite hostname="Gorod_b" name="com.example.tests.ContactRemovalTest" tests="1" failures="0" timestamp="6 Sep 2014 14:17:21 GMT" time="2.969" errors="0">
  <testcase name="deleteSomeContact" time="2.969" classname="com.example.tests.ContactRemovalTest"/>
</testsuite> <!-- com.example.tests.ContactRemovalTest -->
