<?xml version="1.0" encoding="UTF-8"?>
<!-- Generated by org.testng.reporters.JUnitReportReporter -->
<testsuite hostname="Gorod_b" name="com.example.tests.NewGroup" tests="1" failures="0" timestamp="3 Aug 2014 09:27:13 GMT" time="4.065" errors="0">
  <testcase name="testNoneEmptyGroupCreation" time="4.065" classname="com.example.tests.NewGroup"/>
</testsuite> <!-- com.example.tests.NewGroup -->
