<?xml version="1.0" encoding="UTF-8"?>
<!-- Generated by org.testng.reporters.JUnitReportReporter -->
<testsuite hostname="Gorod_b" name="com.example.tests.GroupRemovalTests" tests="1" failures="0" timestamp="23 Aug 2014 20:12:53 GMT" time="2.940" errors="0">
  <testcase name="deleteSomeGroup" time="2.940" classname="com.example.tests.GroupRemovalTests"/>
</testsuite> <!-- com.example.tests.GroupRemovalTests -->
