<?xml version="1.0" encoding="UTF-8"?>
<!-- Generated by org.testng.reporters.JUnitReportReporter -->
<testsuite hostname="Gorod_b" name="com.example.tests.GroupModification" tests="5" failures="0" timestamp="31 Aug 2014 17:53:01 GMT" time="12.351" errors="0">
  <testcase name="modifySomeGroup" time="2.218" classname="com.example.tests.GroupModification"/>
  <testcase name="modifySomeGroup" time="2.240" classname="com.example.tests.GroupModification"/>
  <testcase name="modifySomeGroup" time="3.335" classname="com.example.tests.GroupModification"/>
  <testcase name="modifySomeGroup" time="2.180" classname="com.example.tests.GroupModification"/>
  <testcase name="modifySomeGroup" time="2.378" classname="com.example.tests.GroupModification"/>
</testsuite> <!-- com.example.tests.GroupModification -->
