<?xml version="1.0" encoding="UTF-8"?>
<!-- Generated by org.testng.reporters.JUnitReportReporter -->
<testsuite hostname="Gorod_b" name="com.example.tests.ContactModification" tests="1" failures="0" timestamp="31 Aug 2014 14:05:49 GMT" time="2.581" errors="0">
  <testcase name="deleteSomeContact" time="2.581" classname="com.example.tests.ContactModification"/>
</testsuite> <!-- com.example.tests.ContactModification -->
