<?xml version="1.0" encoding="UTF-8"?>
<!-- Generated by org.testng.reporters.JUnitReportReporter -->
<testsuite hostname="Gorod_b" name="com.example.tests.GroupModification" tests="1" failures="0" timestamp="24 Aug 2014 06:58:06 GMT" time="5.696" errors="0">
  <testcase name="modifySomeGroup" time="5.696" classname="com.example.tests.GroupModification"/>
</testsuite> <!-- com.example.tests.GroupModification -->
