<?xml version="1.0" encoding="UTF-8"?>
<!-- Generated by org.testng.reporters.JUnitReportReporter -->
<testsuite hostname="Gorod_b" name="com.example.tests.NewContact" tests="2" failures="0" timestamp="31 Aug 2014 14:00:02 GMT" time="8.449" errors="0">
  <testcase name="testNewEmptyUserCreation" time="4.200" classname="com.example.tests.NewContact"/>
  <testcase name="testNewUserCreation" time="4.249" classname="com.example.tests.NewContact"/>
</testsuite> <!-- com.example.tests.NewContact -->
