<?xml version="1.0" encoding="UTF-8"?>
<!-- Generated by org.testng.reporters.JUnitReportReporter -->
<testsuite hostname="Gorod_b" name="com.example.tests.NewGroup" tests="3" failures="0" timestamp="4 Oct 2014 10:36:51 GMT" time="11.614" errors="0">
  <testcase name="testValidDatasGroupCreation" time="3.131" classname="com.example.tests.NewGroup"/>
  <testcase name="testValidDatasGroupCreation" time="3.396" classname="com.example.tests.NewGroup"/>
  <testcase name="testValidDatasGroupCreation" time="5.087" classname="com.example.tests.NewGroup"/>
</testsuite> <!-- com.example.tests.NewGroup -->
