<?xml version="1.0" encoding="UTF-8"?>
<!-- Generated by org.testng.reporters.JUnitReportReporter -->
<testsuite hostname="Gorod_b" name="com.example.tests.NewGroup" tests="2" failures="0" timestamp="2 Aug 2014 12:07:47 GMT" time="14.320" errors="0">
  <testcase name="testNoneEmptyGroupCreation" time="4.158" classname="com.example.tests.NewGroup"/>
  <testcase name="testEmptyGroupCreation" time="10.162" classname="com.example.tests.NewGroup"/>
</testsuite> <!-- com.example.tests.NewGroup -->
