<?xml version="1.0" encoding="UTF-8"?>
<!-- Generated by org.testng.reporters.JUnitReportReporter -->
<testsuite hostname="Gorod_b" name="com.example.tests.NewContact" tests="3" failures="0" timestamp="5 Oct 2014 09:36:39 GMT" time="38.872" errors="0">
  <testcase name="testNewUserCreation" time="21.224" classname="com.example.tests.NewContact"/>
  <testcase name="testNewUserCreation" time="9.137" classname="com.example.tests.NewContact"/>
  <testcase name="testNewUserCreation" time="8.511" classname="com.example.tests.NewContact"/>
</testsuite> <!-- com.example.tests.NewContact -->
