<?xml version="1.0" encoding="UTF-8"?>
<!-- Generated by org.testng.reporters.JUnitReportReporter -->
<testsuite hostname="Gorod_b" name="com.example.tests.GroupRemovalTests" tests="1" failures="1" timestamp="3 Oct 2014 12:44:33 GMT" time="0.004" errors="0">
  <testcase name="deleteSomeGroup" time="0.004" classname="com.example.tests.GroupRemovalTests">
    <failure type="org.openqa.selenium.WebDriverException" message="Failed to connect to binary FirefoxBinary(C:\Program Files (x86)\Mozilla Firefox\firefox.exe) on port 7055; process output follows: 
googlecode.com&quot;:{&quot;descriptor&quot;:&quot;C:\\Users\\70D0~1\\AppData\\Local\\Temp\\anonymous921516727283964548webdriver-profile\\extensions\\fxdriver@googlecode.com&quot;,&quot;mtime&quot;:1412340221937,&quot;rdfTime&quot;:1412340221287}}}]
1412340223632	addons.xpi-utils	DEBUG	Opening XPI database C:\Users\70D0~1\AppData\Local\Temp\anonymous921516727283964548webdriver-profile\extensions.json
1412340223635	addons.xpi	DEBUG	New add-on fxdriver@googlecode.com installed in app-profile
*** Blocklist::_loadBlocklistFromFile: blocklist is disabled
1412340223773	addons.xpi-utils	DEBUG	Make addon app-profile:fxdriver@googlecode.com visible
1412340223777	DeferredSave.extensions.json	DEBUG	Save changes
1412340223778	DeferredSave.extensions.json	DEBUG	Save changes
1412340223779	addons.xpi	DEBUG	New add-on {e4f94d1e-2f53-401e-8885-681602c0ddd8} installed in winreg-app-user
1412340223810	addons.xpi-utils	DEBUG	Make addon winreg-app-user:{e4f94d1e-2f53-401e-8885-681602c0ddd8} visible
1412340223810	DeferredSave.extensions.json	DEBUG	Save changes
1412340223810	DeferredSave.extensions.json	DEBUG	Save changes
1412340223820	addons.xpi	DEBUG	Loading bootstrap scope from C:\ProgramData\McAfee Security Scan\Extensions\{e4f94d1e-2f53-401e-8885-681602c0ddd8}.xpi
1412340223835	addons.xpi	DEBUG	Calling bootstrap method install on {e4f94d1e-2f53-401e-8885-681602c0ddd8} version 1.0
1412340223836	addons.xpi	DEBUG	New add-on {972ce4c6-7e08-4474-a285-3208198ce6fd} installed in app-global
1412340223850	addons.xpi-utils	DEBUG	Make addon app-global:{972ce4c6-7e08-4474-a285-3208198ce6fd} visible
1412340223851	DeferredSave.extensions.json	DEBUG	Save changes
1412340223851	DeferredSave.extensions.json	DEBUG	Save changes
1412340223887	addons.xpi	DEBUG	Updating database with changes to installed add-ons
1412340223888	addons.xpi-utils	DEBUG	Updating add-on states
1412340223889	addons.xpi-utils	DEBUG	Writing add-ons list
1412340225117	DeferredSave.extensions.json	DEBUG	Starting timer
1412340225145	DeferredSave.extensions.json	DEBUG	Starting write
1412340225275	addons.manager	DEBUG	shutdown
1412340225281	addons.xpi	DEBUG	shutdown
1412340225281	addons.xpi-utils	DEBUG	shutdown
1412340225470	DeferredSave.extensions.json	DEBUG	Write succeeded
1412340225471	addons.xpi-utils	DEBUG	XPI Database saved, setting schema version preference to 16
1412340225471	addons.xpi	DEBUG	Notifying XPI shutdown observers
1412340225485	addons.manager	DEBUG	Async provider shutdown done
1412340227448	addons.manager	DEBUG	Loaded provider scope for resource://gre/modules/addons/XPIProvider.jsm: [&quot;XPIProvider&quot;]
1412340227454	addons.manager	DEBUG	Loaded provider scope for resource://gre/modules/LightweightThemeManager.jsm: [&quot;LightweightThemeManager&quot;]
1412340227460	addons.xpi	DEBUG	startup
1412340227462	addons.xpi	DEBUG	Skipping unavailable install location app-system-local
1412340227463	addons.xpi	DEBUG	Skipping unavailable install location app-system-share
1412340227465	addons.xpi	INFO	Mapping {972ce4c6-7e08-4474-a285-3208198ce6fd} to C:\Program Files (x86)\Mozilla Firefox\browser\extensions\{972ce4c6-7e08-4474-a285-3208198ce6fd}
1412340227466	addons.xpi	INFO	Mapping {e4f94d1e-2f53-401e-8885-681602c0ddd8} to C:\ProgramData\McAfee Security Scan\Extensions\{e4f94d1e-2f53-401e-8885-681602c0ddd8}.xpi
1412340227468	addons.xpi	INFO	Mapping fxdriver@googlecode.com to C:\Users\70D0~1\AppData\Local\Temp\anonymous921516727283964548webdriver-profile\extensions\fxdriver@googlecode.com
1412340227469	addons.xpi	DEBUG	Ignoring file entry whose name is not a valid add-on ID: C:\Users\70D0~1\AppData\Local\Temp\anonymous921516727283964548webdriver-profile\extensions\webdriver-staging
1412340227469	addons.xpi	DEBUG	checkForChanges
1412340227501	addons.xpi	DEBUG	No changes found
*** Blocklist::_preloadBlocklistFile: blocklist is disabled
JavaScript error: chrome://browser/content/urlbarBindings.xml, line 677: aUrl is undefined
JavaScript error: chrome://browser/content/urlbarBindings.xml, line 677: aUrl is undefined
JavaScript error: chrome://browser/content/urlbarBindings.xml, line 677: aUrl is undefined

Build info: version: &#039;2.42.2&#039;, revision: &#039;6a6995d&#039;, time: &#039;2014-06-03 17:42:03&#039;
System info: host: &#039;Gorod_b&#039;, ip: &#039;192.168.220.1&#039;, os.name: &#039;Windows 8.1&#039;, os.arch: &#039;amd64&#039;, os.version: &#039;6.3&#039;, java.version: &#039;1.7.0_60&#039;
Driver info: driver.version: FirefoxDriver">
      <![CDATA[org.openqa.selenium.WebDriverException: Failed to connect to binary FirefoxBinary(C:\Program Files (x86)\Mozilla Firefox\firefox.exe) on port 7055; process output follows: 
googlecode.com":{"descriptor":"C:\\Users\\70D0~1\\AppData\\Local\\Temp\\anonymous921516727283964548webdriver-profile\\extensions\\fxdriver@googlecode.com","mtime":1412340221937,"rdfTime":1412340221287}}}]
1412340223632	addons.xpi-utils	DEBUG	Opening XPI database C:\Users\70D0~1\AppData\Local\Temp\anonymous921516727283964548webdriver-profile\extensions.json
1412340223635	addons.xpi	DEBUG	New add-on fxdriver@googlecode.com installed in app-profile
*** Blocklist::_loadBlocklistFromFile: blocklist is disabled
1412340223773	addons.xpi-utils	DEBUG	Make addon app-profile:fxdriver@googlecode.com visible
1412340223777	DeferredSave.extensions.json	DEBUG	Save changes
1412340223778	DeferredSave.extensions.json	DEBUG	Save changes
1412340223779	addons.xpi	DEBUG	New add-on {e4f94d1e-2f53-401e-8885-681602c0ddd8} installed in winreg-app-user
1412340223810	addons.xpi-utils	DEBUG	Make addon winreg-app-user:{e4f94d1e-2f53-401e-8885-681602c0ddd8} visible
1412340223810	DeferredSave.extensions.json	DEBUG	Save changes
1412340223810	DeferredSave.extensions.json	DEBUG	Save changes
1412340223820	addons.xpi	DEBUG	Loading bootstrap scope from C:\ProgramData\McAfee Security Scan\Extensions\{e4f94d1e-2f53-401e-8885-681602c0ddd8}.xpi
1412340223835	addons.xpi	DEBUG	Calling bootstrap method install on {e4f94d1e-2f53-401e-8885-681602c0ddd8} version 1.0
1412340223836	addons.xpi	DEBUG	New add-on {972ce4c6-7e08-4474-a285-3208198ce6fd} installed in app-global
1412340223850	addons.xpi-utils	DEBUG	Make addon app-global:{972ce4c6-7e08-4474-a285-3208198ce6fd} visible
1412340223851	DeferredSave.extensions.json	DEBUG	Save changes
1412340223851	DeferredSave.extensions.json	DEBUG	Save changes
1412340223887	addons.xpi	DEBUG	Updating database with changes to installed add-ons
1412340223888	addons.xpi-utils	DEBUG	Updating add-on states
1412340223889	addons.xpi-utils	DEBUG	Writing add-ons list
1412340225117	DeferredSave.extensions.json	DEBUG	Starting timer
1412340225145	DeferredSave.extensions.json	DEBUG	Starting write
1412340225275	addons.manager	DEBUG	shutdown
1412340225281	addons.xpi	DEBUG	shutdown
1412340225281	addons.xpi-utils	DEBUG	shutdown
1412340225470	DeferredSave.extensions.json	DEBUG	Write succeeded
1412340225471	addons.xpi-utils	DEBUG	XPI Database saved, setting schema version preference to 16
1412340225471	addons.xpi	DEBUG	Notifying XPI shutdown observers
1412340225485	addons.manager	DEBUG	Async provider shutdown done
1412340227448	addons.manager	DEBUG	Loaded provider scope for resource://gre/modules/addons/XPIProvider.jsm: ["XPIProvider"]
1412340227454	addons.manager	DEBUG	Loaded provider scope for resource://gre/modules/LightweightThemeManager.jsm: ["LightweightThemeManager"]
1412340227460	addons.xpi	DEBUG	startup
1412340227462	addons.xpi	DEBUG	Skipping unavailable install location app-system-local
1412340227463	addons.xpi	DEBUG	Skipping unavailable install location app-system-share
1412340227465	addons.xpi	INFO	Mapping {972ce4c6-7e08-4474-a285-3208198ce6fd} to C:\Program Files (x86)\Mozilla Firefox\browser\extensions\{972ce4c6-7e08-4474-a285-3208198ce6fd}
1412340227466	addons.xpi	INFO	Mapping {e4f94d1e-2f53-401e-8885-681602c0ddd8} to C:\ProgramData\McAfee Security Scan\Extensions\{e4f94d1e-2f53-401e-8885-681602c0ddd8}.xpi
1412340227468	addons.xpi	INFO	Mapping fxdriver@googlecode.com to C:\Users\70D0~1\AppData\Local\Temp\anonymous921516727283964548webdriver-profile\extensions\fxdriver@googlecode.com
1412340227469	addons.xpi	DEBUG	Ignoring file entry whose name is not a valid add-on ID: C:\Users\70D0~1\AppData\Local\Temp\anonymous921516727283964548webdriver-profile\extensions\webdriver-staging
1412340227469	addons.xpi	DEBUG	checkForChanges
1412340227501	addons.xpi	DEBUG	No changes found
*** Blocklist::_preloadBlocklistFile: blocklist is disabled
JavaScript error: chrome://browser/content/urlbarBindings.xml, line 677: aUrl is undefined
JavaScript error: chrome://browser/content/urlbarBindings.xml, line 677: aUrl is undefined
JavaScript error: chrome://browser/content/urlbarBindings.xml, line 677: aUrl is undefined

Build info: version: '2.42.2', revision: '6a6995d', time: '2014-06-03 17:42:03'
System info: host: 'Gorod_b', ip: '192.168.220.1', os.name: 'Windows 8.1', os.arch: 'amd64', os.version: '6.3', java.version: '1.7.0_60'
Driver info: driver.version: FirefoxDriver
	at org.openqa.selenium.firefox.internal.NewProfileExtensionConnection.start(NewProfileExtensionConnection.java:130)
	at org.openqa.selenium.firefox.FirefoxDriver.startClient(FirefoxDriver.java:246)
	at org.openqa.selenium.remote.RemoteWebDriver.<init>(RemoteWebDriver.java:114)
	at org.openqa.selenium.firefox.FirefoxDriver.<init>(FirefoxDriver.java:193)
	at org.openqa.selenium.firefox.FirefoxDriver.<init>(FirefoxDriver.java:186)
	at org.openqa.selenium.firefox.FirefoxDriver.<init>(FirefoxDriver.java:182)
	at org.openqa.selenium.firefox.FirefoxDriver.<init>(FirefoxDriver.java:95)
	at com.example.framework.ApplicationManager.<init>(ApplicationManager.java:27)
	at com.example.tests.BaseClass.setUp(BaseClass.java:28)
	at sun.reflect.NativeMethodAccessorImpl.invoke0(Native Method)
	at sun.reflect.NativeMethodAccessorImpl.invoke(Unknown Source)
	at sun.reflect.DelegatingMethodAccessorImpl.invoke(Unknown Source)
	at java.lang.reflect.Method.invoke(Unknown Source)
	at org.testng.internal.MethodInvocationHelper.invokeMethod(MethodInvocationHelper.java:84)
	at org.testng.internal.Invoker.invokeConfigurationMethod(Invoker.java:564)
	at org.testng.internal.Invoker.invokeConfigurations(Invoker.java:213)
	at org.testng.internal.Invoker.invokeConfigurations(Invoker.java:138)
	at org.testng.TestRunner.beforeRun(TestRunner.java:641)
	at org.testng.TestRunner.run(TestRunner.java:609)
	at org.testng.SuiteRunner.runTest(SuiteRunner.java:334)
	at org.testng.SuiteRunner.runSequentially(SuiteRunner.java:329)
	at org.testng.SuiteRunner.privateRun(SuiteRunner.java:291)
	at org.testng.SuiteRunner.run(SuiteRunner.java:240)
	at org.testng.SuiteRunnerWorker.runSuite(SuiteRunnerWorker.java:52)
	at org.testng.SuiteRunnerWorker.run(SuiteRunnerWorker.java:86)
	at org.testng.TestNG.runSuitesSequentially(TestNG.java:1224)
	at org.testng.TestNG.runSuitesLocally(TestNG.java:1149)
	at org.testng.TestNG.run(TestNG.java:1057)
	at org.testng.remote.RemoteTestNG.run(RemoteTestNG.java:111)
	at org.testng.remote.RemoteTestNG.initAndRun(RemoteTestNG.java:204)
	at org.testng.remote.RemoteTestNG.main(RemoteTestNG.java:175)
Caused by: org.openqa.selenium.firefox.NotConnectedException: Unable to connect to host 127.0.0.1 on port 7055 after 45000 ms. Firefox console output:
googlecode.com":{"descriptor":"C:\\Users\\70D0~1\\AppData\\Local\\Temp\\anonymous921516727283964548webdriver-profile\\extensions\\fxdriver@googlecode.com","mtime":1412340221937,"rdfTime":1412340221287}}}]
1412340223632	addons.xpi-utils	DEBUG	Opening XPI database C:\Users\70D0~1\AppData\Local\Temp\anonymous921516727283964548webdriver-profile\extensions.json
1412340223635	addons.xpi	DEBUG	New add-on fxdriver@googlecode.com installed in app-profile
*** Blocklist::_loadBlocklistFromFile: blocklist is disabled
1412340223773	addons.xpi-utils	DEBUG	Make addon app-profile:fxdriver@googlecode.com visible
1412340223777	DeferredSave.extensions.json	DEBUG	Save changes
1412340223778	DeferredSave.extensions.json	DEBUG	Save changes
1412340223779	addons.xpi	DEBUG	New add-on {e4f94d1e-2f53-401e-8885-681602c0ddd8} installed in winreg-app-user
1412340223810	addons.xpi-utils	DEBUG	Make addon winreg-app-user:{e4f94d1e-2f53-401e-8885-681602c0ddd8} visible
1412340223810	DeferredSave.extensions.json	DEBUG	Save changes
1412340223810	DeferredSave.extensions.json	DEBUG	Save changes
1412340223820	addons.xpi	DEBUG	Loading bootstrap scope from C:\ProgramData\McAfee Security Scan\Extensions\{e4f94d1e-2f53-401e-8885-681602c0ddd8}.xpi
1412340223835	addons.xpi	DEBUG	Calling bootstrap method install on {e4f94d1e-2f53-401e-8885-681602c0ddd8} version 1.0
1412340223836	addons.xpi	DEBUG	New add-on {972ce4c6-7e08-4474-a285-3208198ce6fd} installed in app-global
1412340223850	addons.xpi-utils	DEBUG	Make addon app-global:{972ce4c6-7e08-4474-a285-3208198ce6fd} visible
1412340223851	DeferredSave.extensions.json	DEBUG	Save changes
1412340223851	DeferredSave.extensions.json	DEBUG	Save changes
1412340223887	addons.xpi	DEBUG	Updating database with changes to installed add-ons
1412340223888	addons.xpi-utils	DEBUG	Updating add-on states
1412340223889	addons.xpi-utils	DEBUG	Writing add-ons list
1412340225117	DeferredSave.extensions.json	DEBUG	Starting timer
1412340225145	DeferredSave.extensions.json	DEBUG	Starting write
1412340225275	addons.manager	DEBUG	shutdown
1412340225281	addons.xpi	DEBUG	shutdown
1412340225281	addons.xpi-utils	DEBUG	shutdown
1412340225470	DeferredSave.extensions.json	DEBUG	Write succeeded
1412340225471	addons.xpi-utils	DEBUG	XPI Database saved, setting schema version preference to 16
1412340225471	addons.xpi	DEBUG	Notifying XPI shutdown observers
1412340225485	addons.manager	DEBUG	Async provider shutdown done
1412340227448	addons.manager	DEBUG	Loaded provider scope for resource://gre/modules/addons/XPIProvider.jsm: ["XPIProvider"]
1412340227454	addons.manager	DEBUG	Loaded provider scope for resource://gre/modules/LightweightThemeManager.jsm: ["LightweightThemeManager"]
1412340227460	addons.xpi	DEBUG	startup
1412340227462	addons.xpi	DEBUG	Skipping unavailable install location app-system-local
1412340227463	addons.xpi	DEBUG	Skipping unavailable install location app-system-share
1412340227465	addons.xpi	INFO	Mapping {972ce4c6-7e08-4474-a285-3208198ce6fd} to C:\Program Files (x86)\Mozilla Firefox\browser\extensions\{972ce4c6-7e08-4474-a285-3208198ce6fd}
1412340227466	addons.xpi	INFO	Mapping {e4f94d1e-2f53-401e-8885-681602c0ddd8} to C:\ProgramData\McAfee Security Scan\Extensions\{e4f94d1e-2f53-401e-8885-681602c0ddd8}.xpi
1412340227468	addons.xpi	INFO	Mapping fxdriver@googlecode.com to C:\Users\70D0~1\AppData\Local\Temp\anonymous921516727283964548webdriver-profile\extensions\fxdriver@googlecode.com
1412340227469	addons.xpi	DEBUG	Ignoring file entry whose name is not a valid add-on ID: C:\Users\70D0~1\AppData\Local\Temp\anonymous921516727283964548webdriver-profile\extensions\webdriver-staging
1412340227469	addons.xpi	DEBUG	checkForChanges
1412340227501	addons.xpi	DEBUG	No changes found
*** Blocklist::_preloadBlocklistFile: blocklist is disabled
JavaScript error: chrome://browser/content/urlbarBindings.xml, line 677: aUrl is undefined
JavaScript error: chrome://browser/content/urlbarBindings.xml, line 677: aUrl is undefined
JavaScript error: chrome://browser/content/urlbarBindings.xml, line 677: aUrl is undefined

	at org.openqa.selenium.firefox.internal.NewProfileExtensionConnection.start(NewProfileExtensionConnection.java:118)
	... 30 more
]]>
    </failure>
  </testcase> <!-- deleteSomeGroup -->
</testsuite> <!-- com.example.tests.GroupRemovalTests -->
