<?xml version="1.0" encoding="UTF-8"?>
<!-- Generated by org.testng.reporters.JUnitReportReporter -->
<testsuite hostname="Gorod_b" name="com.example.tests.NewGroup" tests="3" failures="0" timestamp="5 Oct 2014 09:16:03 GMT" time="42.226" errors="0">
  <testcase name="testValidDatasGroupCreation" time="35.216" classname="com.example.tests.NewGroup"/>
  <testcase name="testValidDatasGroupCreation" time="3.602" classname="com.example.tests.NewGroup"/>
  <testcase name="testValidDatasGroupCreation" time="3.408" classname="com.example.tests.NewGroup"/>
</testsuite> <!-- com.example.tests.NewGroup -->
